running egg_info
creating ../../build/eeg_processing/eeg_processing.egg-info
writing ../../build/eeg_processing/eeg_processing.egg-info/PKG-INFO
writing dependency_links to ../../build/eeg_processing/eeg_processing.egg-info/dependency_links.txt
writing entry points to ../../build/eeg_processing/eeg_processing.egg-info/entry_points.txt
writing requirements to ../../build/eeg_processing/eeg_processing.egg-info/requires.txt
writing top-level names to ../../build/eeg_processing/eeg_processing.egg-info/top_level.txt
writing manifest file '../../build/eeg_processing/eeg_processing.egg-info/SOURCES.txt'
reading manifest file '../../build/eeg_processing/eeg_processing.egg-info/SOURCES.txt'
writing manifest file '../../build/eeg_processing/eeg_processing.egg-info/SOURCES.txt'
running build
running build_py
creating /home/themountaintree/workspace/ROS_Unity_test/build/eeg_processing/build
creating /home/themountaintree/workspace/ROS_Unity_test/build/eeg_processing/build/lib
creating /home/themountaintree/workspace/ROS_Unity_test/build/eeg_processing/build/lib/eeg_processing
copying eeg_processing/__init__.py -> /home/themountaintree/workspace/ROS_Unity_test/build/eeg_processing/build/lib/eeg_processing
running install
running install_lib
creating /home/themountaintree/workspace/ROS_Unity_test/install/eeg_processing/lib/python3.10/site-packages/eeg_processing
copying /home/themountaintree/workspace/ROS_Unity_test/build/eeg_processing/build/lib/eeg_processing/__init__.py -> /home/themountaintree/workspace/ROS_Unity_test/install/eeg_processing/lib/python3.10/site-packages/eeg_processing
byte-compiling /home/themountaintree/workspace/ROS_Unity_test/install/eeg_processing/lib/python3.10/site-packages/eeg_processing/__init__.py to __init__.cpython-310.pyc
running install_data
creating /home/themountaintree/workspace/ROS_Unity_test/install/eeg_processing/share/ament_index
creating /home/themountaintree/workspace/ROS_Unity_test/install/eeg_processing/share/ament_index/resource_index
creating /home/themountaintree/workspace/ROS_Unity_test/install/eeg_processing/share/ament_index/resource_index/packages
copying resource/eeg_processing -> /home/themountaintree/workspace/ROS_Unity_test/install/eeg_processing/share/ament_index/resource_index/packages
copying package.xml -> /home/themountaintree/workspace/ROS_Unity_test/install/eeg_processing/share/eeg_processing
running install_egg_info
Copying ../../build/eeg_processing/eeg_processing.egg-info to /home/themountaintree/workspace/ROS_Unity_test/install/eeg_processing/lib/python3.10/site-packages/eeg_processing-0.0.0-py3.10.egg-info
running install_scripts
writing list of installed files to '/home/themountaintree/workspace/ROS_Unity_test/build/eeg_processing/install.log'
