[0.734s] Invoking command in '/home/themountaintree/workspace/ROS_Unity_test/src/eeg_processing': PYTHONPATH=/home/themountaintree/workspace/ROS_Unity_test/build/eeg_processing/prefix_override:/usr/lib/python3/dist-packages/colcon_core/task/python/colcon_distutils_commands:/home/themountaintree/workspace/ROS_Unity_test/install/eeg_processing/lib/python3.10/site-packages:${PYTHONPATH} /usr/bin/python3 -W ignore:setup.py install is deprecated -W ignore:easy_install command is deprecated setup.py egg_info --egg-base ../../build/eeg_processing build --build-base /home/themountaintree/workspace/ROS_Unity_test/build/eeg_processing/build install --record /home/themountaintree/workspace/ROS_Unity_test/build/eeg_processing/install.log --single-version-externally-managed install_data
[0.875s] running egg_info
[0.875s] creating ../../build/eeg_processing/eeg_processing.egg-info
[0.875s] writing ../../build/eeg_processing/eeg_processing.egg-info/PKG-INFO
[0.876s] writing dependency_links to ../../build/eeg_processing/eeg_processing.egg-info/dependency_links.txt
[0.876s] writing entry points to ../../build/eeg_processing/eeg_processing.egg-info/entry_points.txt
[0.876s] writing requirements to ../../build/eeg_processing/eeg_processing.egg-info/requires.txt
[0.876s] writing top-level names to ../../build/eeg_processing/eeg_processing.egg-info/top_level.txt
[0.876s] writing manifest file '../../build/eeg_processing/eeg_processing.egg-info/SOURCES.txt'
[0.876s] reading manifest file '../../build/eeg_processing/eeg_processing.egg-info/SOURCES.txt'
[0.877s] writing manifest file '../../build/eeg_processing/eeg_processing.egg-info/SOURCES.txt'
[0.877s] running build
[0.877s] running build_py
[0.877s] creating /home/themountaintree/workspace/ROS_Unity_test/build/eeg_processing/build
[0.877s] creating /home/themountaintree/workspace/ROS_Unity_test/build/eeg_processing/build/lib
[0.877s] creating /home/themountaintree/workspace/ROS_Unity_test/build/eeg_processing/build/lib/eeg_processing
[0.877s] copying eeg_processing/__init__.py -> /home/themountaintree/workspace/ROS_Unity_test/build/eeg_processing/build/lib/eeg_processing
[0.877s] running install
[0.878s] running install_lib
[0.878s] creating /home/themountaintree/workspace/ROS_Unity_test/install/eeg_processing/lib/python3.10/site-packages/eeg_processing
[0.878s] copying /home/themountaintree/workspace/ROS_Unity_test/build/eeg_processing/build/lib/eeg_processing/__init__.py -> /home/themountaintree/workspace/ROS_Unity_test/install/eeg_processing/lib/python3.10/site-packages/eeg_processing
[0.878s] byte-compiling /home/themountaintree/workspace/ROS_Unity_test/install/eeg_processing/lib/python3.10/site-packages/eeg_processing/__init__.py to __init__.cpython-310.pyc
[0.878s] running install_data
[0.879s] creating /home/themountaintree/workspace/ROS_Unity_test/install/eeg_processing/share/ament_index
[0.879s] creating /home/themountaintree/workspace/ROS_Unity_test/install/eeg_processing/share/ament_index/resource_index
[0.879s] creating /home/themountaintree/workspace/ROS_Unity_test/install/eeg_processing/share/ament_index/resource_index/packages
[0.879s] copying resource/eeg_processing -> /home/themountaintree/workspace/ROS_Unity_test/install/eeg_processing/share/ament_index/resource_index/packages
[0.879s] copying package.xml -> /home/themountaintree/workspace/ROS_Unity_test/install/eeg_processing/share/eeg_processing
[0.879s] running install_egg_info
[0.880s] Copying ../../build/eeg_processing/eeg_processing.egg-info to /home/themountaintree/workspace/ROS_Unity_test/install/eeg_processing/lib/python3.10/site-packages/eeg_processing-0.0.0-py3.10.egg-info
[0.880s] running install_scripts
[0.893s] writing list of installed files to '/home/themountaintree/workspace/ROS_Unity_test/build/eeg_processing/install.log'
[0.932s] Invoked command in '/home/themountaintree/workspace/ROS_Unity_test/src/eeg_processing' returned '0': PYTHONPATH=/home/themountaintree/workspace/ROS_Unity_test/build/eeg_processing/prefix_override:/usr/lib/python3/dist-packages/colcon_core/task/python/colcon_distutils_commands:/home/themountaintree/workspace/ROS_Unity_test/install/eeg_processing/lib/python3.10/site-packages:${PYTHONPATH} /usr/bin/python3 -W ignore:setup.py install is deprecated -W ignore:easy_install command is deprecated setup.py egg_info --egg-base ../../build/eeg_processing build --build-base /home/themountaintree/workspace/ROS_Unity_test/build/eeg_processing/build install --record /home/themountaintree/workspace/ROS_Unity_test/build/eeg_processing/install.log --single-version-externally-managed install_data
