running egg_info
writing ../../build/eeg_processing/eeg_processing.egg-info/PKG-INFO
writing dependency_links to ../../build/eeg_processing/eeg_processing.egg-info/dependency_links.txt
writing entry points to ../../build/eeg_processing/eeg_processing.egg-info/entry_points.txt
writing requirements to ../../build/eeg_processing/eeg_processing.egg-info/requires.txt
writing top-level names to ../../build/eeg_processing/eeg_processing.egg-info/top_level.txt
reading manifest file '../../build/eeg_processing/eeg_processing.egg-info/SOURCES.txt'
writing manifest file '../../build/eeg_processing/eeg_processing.egg-info/SOURCES.txt'
running build
running build_py
running install
running install_lib
running install_data
running install_egg_info
removing '/home/themountaintree/workspace/ROS_Unity_test/install/eeg_processing/lib/python3.10/site-packages/eeg_processing-0.0.0-py3.10.egg-info' (and everything under it)
Copying ../../build/eeg_processing/eeg_processing.egg-info to /home/themountaintree/workspace/ROS_Unity_test/install/eeg_processing/lib/python3.10/site-packages/eeg_processing-0.0.0-py3.10.egg-info
running install_scripts
Installing central_controller_node script to /home/themountaintree/workspace/ROS_Unity_test/install/eeg_processing/lib/eeg_processing
Installing central_controller_ssvep_node script to /home/themountaintree/workspace/ROS_Unity_test/install/eeg_processing/lib/eeg_processing
writing list of installed files to '/home/themountaintree/workspace/ROS_Unity_test/build/eeg_processing/install.log'
