[0.567s] DEBUG:colcon:Command line arguments: ['/usr/bin/colcon', 'build']
[0.567s] DEBUG:colcon:Parsed command line arguments: Namespace(log_base=None, log_level=None, verb_name='build', build_base='build', install_base='install', merge_install=False, symlink_install=False, test_result_base=None, continue_on_error=False, executor='parallel', parallel_workers=12, event_handlers=None, ignore_user_meta=False, metas=['./colcon.meta'], base_paths=['.'], packages_ignore=None, packages_ignore_regex=None, paths=None, packages_up_to=None, packages_up_to_regex=None, packages_above=None, packages_above_and_dependencies=None, packages_above_depth=None, packages_select_by_dep=None, packages_skip_by_dep=None, packages_skip_up_to=None, packages_select_build_failed=False, packages_skip_build_finished=False, packages_select_test_failures=False, packages_skip_test_passed=False, packages_select=None, packages_skip=None, packages_select_regex=None, packages_skip_regex=None, packages_start=None, packages_end=None, allow_overriding=[], cmake_args=None, cmake_target=None, cmake_target_skip_unavailable=False, cmake_clean_cache=False, cmake_clean_first=False, cmake_force_configure=False, ament_cmake_args=None, catkin_cmake_args=None, catkin_skip_building_tests=False, verb_parser=<colcon_defaults.argument_parser.defaults.DefaultArgumentsDecorator object at 0x758ec3274eb0>, verb_extension=<colcon_core.verb.build.BuildVerb object at 0x758ec3382320>, main=<bound method BuildVerb.main of <colcon_core.verb.build.BuildVerb object at 0x758ec3382320>>)
[1.186s] Level 1:colcon.colcon_core.package_discovery:discover_packages(colcon_meta) check parameters
[1.187s] Level 1:colcon.colcon_core.package_discovery:discover_packages(recursive) check parameters
[1.187s] Level 1:colcon.colcon_core.package_discovery:discover_packages(ignore) check parameters
[1.187s] Level 1:colcon.colcon_core.package_discovery:discover_packages(path) check parameters
[1.187s] Level 1:colcon.colcon_core.package_discovery:discover_packages(colcon_meta) discover
[1.187s] Level 1:colcon.colcon_core.package_discovery:discover_packages(recursive) discover
[1.187s] INFO:colcon.colcon_core.package_discovery:Crawling recursively for packages in '/home/frank/workspace/ROS_Unity_test'
[1.187s] Level 1:colcon.colcon_core.package_identification:_identify(.) by extensions ['ignore', 'ignore_ament_install']
[1.189s] Level 1:colcon.colcon_core.package_identification:_identify(.) by extension 'ignore'
[1.189s] Level 1:colcon.colcon_core.package_identification:_identify(.) by extension 'ignore_ament_install'
[1.189s] Level 1:colcon.colcon_core.package_identification:_identify(.) by extensions ['colcon_pkg']
[1.189s] Level 1:colcon.colcon_core.package_identification:_identify(.) by extension 'colcon_pkg'
[1.189s] Level 1:colcon.colcon_core.package_identification:_identify(.) by extensions ['colcon_meta']
[1.189s] Level 1:colcon.colcon_core.package_identification:_identify(.) by extension 'colcon_meta'
[1.189s] Level 1:colcon.colcon_core.package_identification:_identify(.) by extensions ['ros']
[1.189s] Level 1:colcon.colcon_core.package_identification:_identify(.) by extension 'ros'
[1.205s] Level 1:colcon.colcon_core.package_identification:_identify(.) by extensions ['cmake', 'python']
[1.205s] Level 1:colcon.colcon_core.package_identification:_identify(.) by extension 'cmake'
[1.205s] Level 1:colcon.colcon_core.package_identification:_identify(.) by extension 'python'
[1.205s] Level 1:colcon.colcon_core.package_identification:_identify(.) by extensions ['python_setup_py']
[1.205s] Level 1:colcon.colcon_core.package_identification:_identify(.) by extension 'python_setup_py'
[1.205s] Level 1:colcon.colcon_core.package_identification:_identify(build) by extensions ['ignore', 'ignore_ament_install']
[1.205s] Level 1:colcon.colcon_core.package_identification:_identify(build) by extension 'ignore'
[1.205s] Level 1:colcon.colcon_core.package_identification:_identify(build) ignored
[1.206s] Level 1:colcon.colcon_core.package_identification:_identify(data) by extensions ['ignore', 'ignore_ament_install']
[1.206s] Level 1:colcon.colcon_core.package_identification:_identify(data) by extension 'ignore'
[1.206s] Level 1:colcon.colcon_core.package_identification:_identify(data) by extension 'ignore_ament_install'
[1.206s] Level 1:colcon.colcon_core.package_identification:_identify(data) by extensions ['colcon_pkg']
[1.206s] Level 1:colcon.colcon_core.package_identification:_identify(data) by extension 'colcon_pkg'
[1.206s] Level 1:colcon.colcon_core.package_identification:_identify(data) by extensions ['colcon_meta']
[1.206s] Level 1:colcon.colcon_core.package_identification:_identify(data) by extension 'colcon_meta'
[1.206s] Level 1:colcon.colcon_core.package_identification:_identify(data) by extensions ['ros']
[1.206s] Level 1:colcon.colcon_core.package_identification:_identify(data) by extension 'ros'
[1.206s] Level 1:colcon.colcon_core.package_identification:_identify(data) by extensions ['cmake', 'python']
[1.206s] Level 1:colcon.colcon_core.package_identification:_identify(data) by extension 'cmake'
[1.206s] Level 1:colcon.colcon_core.package_identification:_identify(data) by extension 'python'
[1.206s] Level 1:colcon.colcon_core.package_identification:_identify(data) by extensions ['python_setup_py']
[1.206s] Level 1:colcon.colcon_core.package_identification:_identify(data) by extension 'python_setup_py'
[1.206s] Level 1:colcon.colcon_core.package_identification:_identify(data/central_controller) by extensions ['ignore', 'ignore_ament_install']
[1.206s] Level 1:colcon.colcon_core.package_identification:_identify(data/central_controller) by extension 'ignore'
[1.206s] Level 1:colcon.colcon_core.package_identification:_identify(data/central_controller) by extension 'ignore_ament_install'
[1.206s] Level 1:colcon.colcon_core.package_identification:_identify(data/central_controller) by extensions ['colcon_pkg']
[1.206s] Level 1:colcon.colcon_core.package_identification:_identify(data/central_controller) by extension 'colcon_pkg'
[1.206s] Level 1:colcon.colcon_core.package_identification:_identify(data/central_controller) by extensions ['colcon_meta']
[1.206s] Level 1:colcon.colcon_core.package_identification:_identify(data/central_controller) by extension 'colcon_meta'
[1.206s] Level 1:colcon.colcon_core.package_identification:_identify(data/central_controller) by extensions ['ros']
[1.206s] Level 1:colcon.colcon_core.package_identification:_identify(data/central_controller) by extension 'ros'
[1.206s] Level 1:colcon.colcon_core.package_identification:_identify(data/central_controller) by extensions ['cmake', 'python']
[1.206s] Level 1:colcon.colcon_core.package_identification:_identify(data/central_controller) by extension 'cmake'
[1.206s] Level 1:colcon.colcon_core.package_identification:_identify(data/central_controller) by extension 'python'
[1.206s] Level 1:colcon.colcon_core.package_identification:_identify(data/central_controller) by extensions ['python_setup_py']
[1.206s] Level 1:colcon.colcon_core.package_identification:_identify(data/central_controller) by extension 'python_setup_py'
[1.206s] Level 1:colcon.colcon_core.package_identification:_identify(data/central_controller_ssvep2) by extensions ['ignore', 'ignore_ament_install']
[1.206s] Level 1:colcon.colcon_core.package_identification:_identify(data/central_controller_ssvep2) by extension 'ignore'
[1.206s] Level 1:colcon.colcon_core.package_identification:_identify(data/central_controller_ssvep2) by extension 'ignore_ament_install'
[1.207s] Level 1:colcon.colcon_core.package_identification:_identify(data/central_controller_ssvep2) by extensions ['colcon_pkg']
[1.207s] Level 1:colcon.colcon_core.package_identification:_identify(data/central_controller_ssvep2) by extension 'colcon_pkg'
[1.207s] Level 1:colcon.colcon_core.package_identification:_identify(data/central_controller_ssvep2) by extensions ['colcon_meta']
[1.207s] Level 1:colcon.colcon_core.package_identification:_identify(data/central_controller_ssvep2) by extension 'colcon_meta'
[1.207s] Level 1:colcon.colcon_core.package_identification:_identify(data/central_controller_ssvep2) by extensions ['ros']
[1.207s] Level 1:colcon.colcon_core.package_identification:_identify(data/central_controller_ssvep2) by extension 'ros'
[1.207s] Level 1:colcon.colcon_core.package_identification:_identify(data/central_controller_ssvep2) by extensions ['cmake', 'python']
[1.207s] Level 1:colcon.colcon_core.package_identification:_identify(data/central_controller_ssvep2) by extension 'cmake'
[1.207s] Level 1:colcon.colcon_core.package_identification:_identify(data/central_controller_ssvep2) by extension 'python'
[1.207s] Level 1:colcon.colcon_core.package_identification:_identify(data/central_controller_ssvep2) by extensions ['python_setup_py']
[1.207s] Level 1:colcon.colcon_core.package_identification:_identify(data/central_controller_ssvep2) by extension 'python_setup_py'
[1.207s] Level 1:colcon.colcon_core.package_identification:_identify(data/central_controller_ssvep_train) by extensions ['ignore', 'ignore_ament_install']
[1.207s] Level 1:colcon.colcon_core.package_identification:_identify(data/central_controller_ssvep_train) by extension 'ignore'
[1.207s] Level 1:colcon.colcon_core.package_identification:_identify(data/central_controller_ssvep_train) by extension 'ignore_ament_install'
[1.207s] Level 1:colcon.colcon_core.package_identification:_identify(data/central_controller_ssvep_train) by extensions ['colcon_pkg']
[1.207s] Level 1:colcon.colcon_core.package_identification:_identify(data/central_controller_ssvep_train) by extension 'colcon_pkg'
[1.207s] Level 1:colcon.colcon_core.package_identification:_identify(data/central_controller_ssvep_train) by extensions ['colcon_meta']
[1.207s] Level 1:colcon.colcon_core.package_identification:_identify(data/central_controller_ssvep_train) by extension 'colcon_meta'
[1.207s] Level 1:colcon.colcon_core.package_identification:_identify(data/central_controller_ssvep_train) by extensions ['ros']
[1.207s] Level 1:colcon.colcon_core.package_identification:_identify(data/central_controller_ssvep_train) by extension 'ros'
[1.207s] Level 1:colcon.colcon_core.package_identification:_identify(data/central_controller_ssvep_train) by extensions ['cmake', 'python']
[1.207s] Level 1:colcon.colcon_core.package_identification:_identify(data/central_controller_ssvep_train) by extension 'cmake'
[1.207s] Level 1:colcon.colcon_core.package_identification:_identify(data/central_controller_ssvep_train) by extension 'python'
[1.207s] Level 1:colcon.colcon_core.package_identification:_identify(data/central_controller_ssvep_train) by extensions ['python_setup_py']
[1.207s] Level 1:colcon.colcon_core.package_identification:_identify(data/central_controller_ssvep_train) by extension 'python_setup_py'
[1.207s] Level 1:colcon.colcon_core.package_identification:_identify(install) by extensions ['ignore', 'ignore_ament_install']
[1.207s] Level 1:colcon.colcon_core.package_identification:_identify(install) by extension 'ignore'
[1.207s] Level 1:colcon.colcon_core.package_identification:_identify(install) ignored
[1.207s] Level 1:colcon.colcon_core.package_identification:_identify(log) by extensions ['ignore', 'ignore_ament_install']
[1.207s] Level 1:colcon.colcon_core.package_identification:_identify(log) by extension 'ignore'
[1.207s] Level 1:colcon.colcon_core.package_identification:_identify(log) ignored
[1.207s] Level 1:colcon.colcon_core.package_identification:_identify(src) by extensions ['ignore', 'ignore_ament_install']
[1.207s] Level 1:colcon.colcon_core.package_identification:_identify(src) by extension 'ignore'
[1.207s] Level 1:colcon.colcon_core.package_identification:_identify(src) by extension 'ignore_ament_install'
[1.207s] Level 1:colcon.colcon_core.package_identification:_identify(src) by extensions ['colcon_pkg']
[1.207s] Level 1:colcon.colcon_core.package_identification:_identify(src) by extension 'colcon_pkg'
[1.207s] Level 1:colcon.colcon_core.package_identification:_identify(src) by extensions ['colcon_meta']
[1.207s] Level 1:colcon.colcon_core.package_identification:_identify(src) by extension 'colcon_meta'
[1.207s] Level 1:colcon.colcon_core.package_identification:_identify(src) by extensions ['ros']
[1.207s] Level 1:colcon.colcon_core.package_identification:_identify(src) by extension 'ros'
[1.208s] Level 1:colcon.colcon_core.package_identification:_identify(src) by extensions ['cmake', 'python']
[1.208s] Level 1:colcon.colcon_core.package_identification:_identify(src) by extension 'cmake'
[1.208s] Level 1:colcon.colcon_core.package_identification:_identify(src) by extension 'python'
[1.208s] Level 1:colcon.colcon_core.package_identification:_identify(src) by extensions ['python_setup_py']
[1.208s] Level 1:colcon.colcon_core.package_identification:_identify(src) by extension 'python_setup_py'
[1.208s] Level 1:colcon.colcon_core.package_identification:_identify(src/eeg_processing) by extensions ['ignore', 'ignore_ament_install']
[1.208s] Level 1:colcon.colcon_core.package_identification:_identify(src/eeg_processing) by extension 'ignore'
[1.208s] Level 1:colcon.colcon_core.package_identification:_identify(src/eeg_processing) by extension 'ignore_ament_install'
[1.208s] Level 1:colcon.colcon_core.package_identification:_identify(src/eeg_processing) by extensions ['colcon_pkg']
[1.208s] Level 1:colcon.colcon_core.package_identification:_identify(src/eeg_processing) by extension 'colcon_pkg'
[1.208s] Level 1:colcon.colcon_core.package_identification:_identify(src/eeg_processing) by extensions ['colcon_meta']
[1.208s] Level 1:colcon.colcon_core.package_identification:_identify(src/eeg_processing) by extension 'colcon_meta'
[1.208s] Level 1:colcon.colcon_core.package_identification:_identify(src/eeg_processing) by extensions ['ros']
[1.208s] Level 1:colcon.colcon_core.package_identification:_identify(src/eeg_processing) by extension 'ros'
[1.215s] DEBUG:colcon.colcon_core.package_identification:Package 'src/eeg_processing' with type 'ros.ament_python' and name 'eeg_processing'
[1.216s] Level 1:colcon.colcon_core.package_identification:_identify(src/publisher_test) by extensions ['ignore', 'ignore_ament_install']
[1.216s] Level 1:colcon.colcon_core.package_identification:_identify(src/publisher_test) by extension 'ignore'
[1.216s] Level 1:colcon.colcon_core.package_identification:_identify(src/publisher_test) by extension 'ignore_ament_install'
[1.216s] Level 1:colcon.colcon_core.package_identification:_identify(src/publisher_test) by extensions ['colcon_pkg']
[1.216s] Level 1:colcon.colcon_core.package_identification:_identify(src/publisher_test) by extension 'colcon_pkg'
[1.216s] Level 1:colcon.colcon_core.package_identification:_identify(src/publisher_test) by extensions ['colcon_meta']
[1.216s] Level 1:colcon.colcon_core.package_identification:_identify(src/publisher_test) by extension 'colcon_meta'
[1.216s] Level 1:colcon.colcon_core.package_identification:_identify(src/publisher_test) by extensions ['ros']
[1.216s] Level 1:colcon.colcon_core.package_identification:_identify(src/publisher_test) by extension 'ros'
[1.217s] DEBUG:colcon.colcon_core.package_identification:Package 'src/publisher_test' with type 'ros.ament_python' and name 'publisher_test'
[1.217s] Level 1:colcon.colcon_core.package_discovery:discover_packages(recursive) using defaults
[1.217s] Level 1:colcon.colcon_core.package_discovery:discover_packages(ignore) discover
[1.217s] Level 1:colcon.colcon_core.package_discovery:discover_packages(ignore) using defaults
[1.217s] Level 1:colcon.colcon_core.package_discovery:discover_packages(path) discover
[1.217s] Level 1:colcon.colcon_core.package_discovery:discover_packages(path) using defaults
[1.280s] Level 1:colcon.colcon_core.package_discovery:discover_packages(prefix_path) check parameters
[1.280s] Level 1:colcon.colcon_core.package_discovery:discover_packages(prefix_path) discover
[1.288s] DEBUG:colcon.colcon_installed_package_information.package_discovery:Found 288 installed packages in /opt/ros/humble
[1.289s] Level 1:colcon.colcon_core.package_discovery:discover_packages(prefix_path) using defaults
[1.319s] Level 5:colcon.colcon_core.verb:set package 'eeg_processing' build argument 'cmake_args' from command line to 'None'
[1.319s] Level 5:colcon.colcon_core.verb:set package 'eeg_processing' build argument 'cmake_target' from command line to 'None'
[1.319s] Level 5:colcon.colcon_core.verb:set package 'eeg_processing' build argument 'cmake_target_skip_unavailable' from command line to 'False'
[1.319s] Level 5:colcon.colcon_core.verb:set package 'eeg_processing' build argument 'cmake_clean_cache' from command line to 'False'
[1.319s] Level 5:colcon.colcon_core.verb:set package 'eeg_processing' build argument 'cmake_clean_first' from command line to 'False'
[1.319s] Level 5:colcon.colcon_core.verb:set package 'eeg_processing' build argument 'cmake_force_configure' from command line to 'False'
[1.319s] Level 5:colcon.colcon_core.verb:set package 'eeg_processing' build argument 'ament_cmake_args' from command line to 'None'
[1.319s] Level 5:colcon.colcon_core.verb:set package 'eeg_processing' build argument 'catkin_cmake_args' from command line to 'None'
[1.319s] Level 5:colcon.colcon_core.verb:set package 'eeg_processing' build argument 'catkin_skip_building_tests' from command line to 'False'
[1.319s] DEBUG:colcon.colcon_core.verb:Building package 'eeg_processing' with the following arguments: {'ament_cmake_args': None, 'build_base': '/home/frank/workspace/ROS_Unity_test/build/eeg_processing', 'catkin_cmake_args': None, 'catkin_skip_building_tests': False, 'cmake_args': None, 'cmake_clean_cache': False, 'cmake_clean_first': False, 'cmake_force_configure': False, 'cmake_target': None, 'cmake_target_skip_unavailable': False, 'install_base': '/home/frank/workspace/ROS_Unity_test/install/eeg_processing', 'merge_install': False, 'path': '/home/frank/workspace/ROS_Unity_test/src/eeg_processing', 'symlink_install': False, 'test_result_base': None}
[1.320s] Level 5:colcon.colcon_core.verb:set package 'publisher_test' build argument 'cmake_args' from command line to 'None'
[1.320s] Level 5:colcon.colcon_core.verb:set package 'publisher_test' build argument 'cmake_target' from command line to 'None'
[1.320s] Level 5:colcon.colcon_core.verb:set package 'publisher_test' build argument 'cmake_target_skip_unavailable' from command line to 'False'
[1.320s] Level 5:colcon.colcon_core.verb:set package 'publisher_test' build argument 'cmake_clean_cache' from command line to 'False'
[1.320s] Level 5:colcon.colcon_core.verb:set package 'publisher_test' build argument 'cmake_clean_first' from command line to 'False'
[1.320s] Level 5:colcon.colcon_core.verb:set package 'publisher_test' build argument 'cmake_force_configure' from command line to 'False'
[1.320s] Level 5:colcon.colcon_core.verb:set package 'publisher_test' build argument 'ament_cmake_args' from command line to 'None'
[1.320s] Level 5:colcon.colcon_core.verb:set package 'publisher_test' build argument 'catkin_cmake_args' from command line to 'None'
[1.320s] Level 5:colcon.colcon_core.verb:set package 'publisher_test' build argument 'catkin_skip_building_tests' from command line to 'False'
[1.320s] DEBUG:colcon.colcon_core.verb:Building package 'publisher_test' with the following arguments: {'ament_cmake_args': None, 'build_base': '/home/frank/workspace/ROS_Unity_test/build/publisher_test', 'catkin_cmake_args': None, 'catkin_skip_building_tests': False, 'cmake_args': None, 'cmake_clean_cache': False, 'cmake_clean_first': False, 'cmake_force_configure': False, 'cmake_target': None, 'cmake_target_skip_unavailable': False, 'install_base': '/home/frank/workspace/ROS_Unity_test/install/publisher_test', 'merge_install': False, 'path': '/home/frank/workspace/ROS_Unity_test/src/publisher_test', 'symlink_install': False, 'test_result_base': None}
[1.320s] INFO:colcon.colcon_core.executor:Executing jobs using 'parallel' executor
[1.321s] DEBUG:colcon.colcon_parallel_executor.executor.parallel:run_until_complete
[1.321s] INFO:colcon.colcon_ros.task.ament_python.build:Building ROS package in '/home/frank/workspace/ROS_Unity_test/src/eeg_processing' with build type 'ament_python'
[1.321s] Level 1:colcon.colcon_core.shell:create_environment_hook('eeg_processing', 'ament_prefix_path')
[1.337s] INFO:colcon.colcon_core.plugin_system:Skipping extension 'colcon_core.shell.bat': Not used on non-Windows systems
[1.337s] INFO:colcon.colcon_core.shell:Creating environment hook '/home/frank/workspace/ROS_Unity_test/install/eeg_processing/share/eeg_processing/hook/ament_prefix_path.ps1'
[1.339s] INFO:colcon.colcon_core.shell:Creating environment descriptor '/home/frank/workspace/ROS_Unity_test/install/eeg_processing/share/eeg_processing/hook/ament_prefix_path.dsv'
[1.340s] INFO:colcon.colcon_core.shell:Creating environment hook '/home/frank/workspace/ROS_Unity_test/install/eeg_processing/share/eeg_processing/hook/ament_prefix_path.sh'
[1.342s] INFO:colcon.colcon_core.shell:Skip shell extension 'powershell' for command environment: Not usable outside of PowerShell
[1.342s] DEBUG:colcon.colcon_core.shell:Skip shell extension 'dsv' for command environment
[1.344s] INFO:colcon.colcon_ros.task.ament_python.build:Building ROS package in '/home/frank/workspace/ROS_Unity_test/src/publisher_test' with build type 'ament_python'
[1.344s] Level 1:colcon.colcon_core.shell:create_environment_hook('publisher_test', 'ament_prefix_path')
[1.344s] INFO:colcon.colcon_core.shell:Creating environment hook '/home/frank/workspace/ROS_Unity_test/install/publisher_test/share/publisher_test/hook/ament_prefix_path.ps1'
[1.344s] INFO:colcon.colcon_core.shell:Creating environment descriptor '/home/frank/workspace/ROS_Unity_test/install/publisher_test/share/publisher_test/hook/ament_prefix_path.dsv'
[1.344s] INFO:colcon.colcon_core.shell:Creating environment hook '/home/frank/workspace/ROS_Unity_test/install/publisher_test/share/publisher_test/hook/ament_prefix_path.sh'
[1.345s] INFO:colcon.colcon_core.shell:Skip shell extension 'powershell' for command environment: Not usable outside of PowerShell
[1.345s] DEBUG:colcon.colcon_core.shell:Skip shell extension 'dsv' for command environment
[1.527s] INFO:colcon.colcon_core.task.python.build:Building Python package in '/home/frank/workspace/ROS_Unity_test/src/eeg_processing'
[1.528s] INFO:colcon.colcon_core.shell:Skip shell extension 'powershell' for command environment: Not usable outside of PowerShell
[1.528s] DEBUG:colcon.colcon_core.shell:Skip shell extension 'dsv' for command environment
[1.696s] INFO:colcon.colcon_core.task.python.build:Building Python package in '/home/frank/workspace/ROS_Unity_test/src/publisher_test'
[1.697s] INFO:colcon.colcon_core.shell:Skip shell extension 'powershell' for command environment: Not usable outside of PowerShell
[1.697s] DEBUG:colcon.colcon_core.shell:Skip shell extension 'dsv' for command environment
[2.188s] DEBUG:colcon.colcon_core.event_handler.log_command:Invoking command in '/home/frank/workspace/ROS_Unity_test/src/publisher_test': PYTHONPATH=/home/frank/workspace/ROS_Unity_test/build/publisher_test/prefix_override:/usr/lib/python3/dist-packages/colcon_core/task/python/colcon_distutils_commands:/home/frank/workspace/ROS_Unity_test/install/publisher_test/lib/python3.10/site-packages:${PYTHONPATH} /usr/bin/python3 -W ignore:setup.py install is deprecated -W ignore:easy_install command is deprecated setup.py egg_info --egg-base ../../build/publisher_test build --build-base /home/frank/workspace/ROS_Unity_test/build/publisher_test/build install --record /home/frank/workspace/ROS_Unity_test/build/publisher_test/install.log --single-version-externally-managed install_data
[2.191s] DEBUG:colcon.colcon_core.event_handler.log_command:Invoking command in '/home/frank/workspace/ROS_Unity_test/src/eeg_processing': PYTHONPATH=/home/frank/workspace/ROS_Unity_test/build/eeg_processing/prefix_override:/usr/lib/python3/dist-packages/colcon_core/task/python/colcon_distutils_commands:/home/frank/workspace/ROS_Unity_test/install/eeg_processing/lib/python3.10/site-packages:${PYTHONPATH} /usr/bin/python3 -W ignore:setup.py install is deprecated -W ignore:easy_install command is deprecated setup.py egg_info --egg-base ../../build/eeg_processing build --build-base /home/frank/workspace/ROS_Unity_test/build/eeg_processing/build install --record /home/frank/workspace/ROS_Unity_test/build/eeg_processing/install.log --single-version-externally-managed install_data
[2.406s] DEBUG:colcon.colcon_core.event_handler.log_command:Invoked command in '/home/frank/workspace/ROS_Unity_test/src/publisher_test' returned '0': PYTHONPATH=/home/frank/workspace/ROS_Unity_test/build/publisher_test/prefix_override:/usr/lib/python3/dist-packages/colcon_core/task/python/colcon_distutils_commands:/home/frank/workspace/ROS_Unity_test/install/publisher_test/lib/python3.10/site-packages:${PYTHONPATH} /usr/bin/python3 -W ignore:setup.py install is deprecated -W ignore:easy_install command is deprecated setup.py egg_info --egg-base ../../build/publisher_test build --build-base /home/frank/workspace/ROS_Unity_test/build/publisher_test/build install --record /home/frank/workspace/ROS_Unity_test/build/publisher_test/install.log --single-version-externally-managed install_data
[2.410s] Level 1:colcon.colcon_core.environment:checking '/home/frank/workspace/ROS_Unity_test/install/publisher_test' for CMake module files
[2.410s] Level 1:colcon.colcon_core.environment:checking '/home/frank/workspace/ROS_Unity_test/install/publisher_test' for CMake config files
[2.411s] Level 1:colcon.colcon_core.environment:checking '/home/frank/workspace/ROS_Unity_test/install/publisher_test/lib'
[2.411s] Level 1:colcon.colcon_core.environment:checking '/home/frank/workspace/ROS_Unity_test/install/publisher_test/bin'
[2.411s] Level 1:colcon.colcon_core.environment:checking '/home/frank/workspace/ROS_Unity_test/install/publisher_test/lib/pkgconfig/publisher_test.pc'
[2.411s] Level 1:colcon.colcon_core.environment:checking '/home/frank/workspace/ROS_Unity_test/install/publisher_test/lib/python3.10/site-packages'
[2.411s] Level 1:colcon.colcon_core.shell:create_environment_hook('publisher_test', 'pythonpath')
[2.411s] INFO:colcon.colcon_core.shell:Creating environment hook '/home/frank/workspace/ROS_Unity_test/install/publisher_test/share/publisher_test/hook/pythonpath.ps1'
[2.412s] INFO:colcon.colcon_core.shell:Creating environment descriptor '/home/frank/workspace/ROS_Unity_test/install/publisher_test/share/publisher_test/hook/pythonpath.dsv'
[2.412s] INFO:colcon.colcon_core.shell:Creating environment hook '/home/frank/workspace/ROS_Unity_test/install/publisher_test/share/publisher_test/hook/pythonpath.sh'
[2.412s] Level 1:colcon.colcon_core.environment:checking '/home/frank/workspace/ROS_Unity_test/install/publisher_test/bin'
[2.412s] Level 1:colcon.colcon_core.environment:create_environment_scripts_only(publisher_test)
[2.412s] INFO:colcon.colcon_core.shell:Creating package script '/home/frank/workspace/ROS_Unity_test/install/publisher_test/share/publisher_test/package.ps1'
[2.413s] INFO:colcon.colcon_core.shell:Creating package descriptor '/home/frank/workspace/ROS_Unity_test/install/publisher_test/share/publisher_test/package.dsv'
[2.414s] INFO:colcon.colcon_core.shell:Creating package script '/home/frank/workspace/ROS_Unity_test/install/publisher_test/share/publisher_test/package.sh'
[2.414s] INFO:colcon.colcon_core.shell:Creating package script '/home/frank/workspace/ROS_Unity_test/install/publisher_test/share/publisher_test/package.bash'
[2.415s] INFO:colcon.colcon_core.shell:Creating package script '/home/frank/workspace/ROS_Unity_test/install/publisher_test/share/publisher_test/package.zsh'
[2.416s] Level 1:colcon.colcon_core.environment:create_file_with_runtime_dependencies(/home/frank/workspace/ROS_Unity_test/install/publisher_test/share/colcon-core/packages/publisher_test)
[2.438s] Level 1:colcon.colcon_core.environment:checking '/home/frank/workspace/ROS_Unity_test/install/eeg_processing' for CMake module files
[2.438s] DEBUG:colcon.colcon_core.event_handler.log_command:Invoked command in '/home/frank/workspace/ROS_Unity_test/src/eeg_processing' returned '0': PYTHONPATH=/home/frank/workspace/ROS_Unity_test/build/eeg_processing/prefix_override:/usr/lib/python3/dist-packages/colcon_core/task/python/colcon_distutils_commands:/home/frank/workspace/ROS_Unity_test/install/eeg_processing/lib/python3.10/site-packages:${PYTHONPATH} /usr/bin/python3 -W ignore:setup.py install is deprecated -W ignore:easy_install command is deprecated setup.py egg_info --egg-base ../../build/eeg_processing build --build-base /home/frank/workspace/ROS_Unity_test/build/eeg_processing/build install --record /home/frank/workspace/ROS_Unity_test/build/eeg_processing/install.log --single-version-externally-managed install_data
[2.438s] Level 1:colcon.colcon_core.environment:checking '/home/frank/workspace/ROS_Unity_test/install/eeg_processing' for CMake config files
[2.439s] Level 1:colcon.colcon_core.environment:checking '/home/frank/workspace/ROS_Unity_test/install/eeg_processing/lib'
[2.439s] Level 1:colcon.colcon_core.environment:checking '/home/frank/workspace/ROS_Unity_test/install/eeg_processing/bin'
[2.439s] Level 1:colcon.colcon_core.environment:checking '/home/frank/workspace/ROS_Unity_test/install/eeg_processing/lib/pkgconfig/eeg_processing.pc'
[2.439s] Level 1:colcon.colcon_core.environment:checking '/home/frank/workspace/ROS_Unity_test/install/eeg_processing/lib/python3.10/site-packages'
[2.439s] Level 1:colcon.colcon_core.shell:create_environment_hook('eeg_processing', 'pythonpath')
[2.439s] INFO:colcon.colcon_core.shell:Creating environment hook '/home/frank/workspace/ROS_Unity_test/install/eeg_processing/share/eeg_processing/hook/pythonpath.ps1'
[2.440s] INFO:colcon.colcon_core.shell:Creating environment descriptor '/home/frank/workspace/ROS_Unity_test/install/eeg_processing/share/eeg_processing/hook/pythonpath.dsv'
[2.440s] INFO:colcon.colcon_core.shell:Creating environment hook '/home/frank/workspace/ROS_Unity_test/install/eeg_processing/share/eeg_processing/hook/pythonpath.sh'
[2.440s] Level 1:colcon.colcon_core.environment:checking '/home/frank/workspace/ROS_Unity_test/install/eeg_processing/bin'
[2.440s] Level 1:colcon.colcon_core.environment:create_environment_scripts_only(eeg_processing)
[2.440s] INFO:colcon.colcon_core.shell:Creating package script '/home/frank/workspace/ROS_Unity_test/install/eeg_processing/share/eeg_processing/package.ps1'
[2.441s] INFO:colcon.colcon_core.shell:Creating package descriptor '/home/frank/workspace/ROS_Unity_test/install/eeg_processing/share/eeg_processing/package.dsv'
[2.441s] INFO:colcon.colcon_core.shell:Creating package script '/home/frank/workspace/ROS_Unity_test/install/eeg_processing/share/eeg_processing/package.sh'
[2.441s] INFO:colcon.colcon_core.shell:Creating package script '/home/frank/workspace/ROS_Unity_test/install/eeg_processing/share/eeg_processing/package.bash'
[2.441s] INFO:colcon.colcon_core.shell:Creating package script '/home/frank/workspace/ROS_Unity_test/install/eeg_processing/share/eeg_processing/package.zsh'
[2.441s] Level 1:colcon.colcon_core.environment:create_file_with_runtime_dependencies(/home/frank/workspace/ROS_Unity_test/install/eeg_processing/share/colcon-core/packages/eeg_processing)
[2.442s] DEBUG:colcon.colcon_parallel_executor.executor.parallel:closing loop
[2.442s] DEBUG:colcon.colcon_parallel_executor.executor.parallel:loop closed
[2.442s] DEBUG:colcon.colcon_parallel_executor.executor.parallel:run_until_complete finished with '0'
[2.442s] DEBUG:colcon.colcon_core.event_reactor:joining thread
[2.446s] INFO:colcon.colcon_core.plugin_system:Skipping extension 'colcon_notification.desktop_notification.terminal_notifier': Not used on non-Darwin systems
[2.446s] INFO:colcon.colcon_core.plugin_system:Skipping extension 'colcon_notification.desktop_notification.win32': Not used on non-Windows systems
[2.446s] INFO:colcon.colcon_notification.desktop_notification:Sending desktop notification using 'notify2'
[2.457s] DEBUG:colcon.colcon_core.event_reactor:joined thread
[2.458s] INFO:colcon.colcon_core.shell:Creating prefix script '/home/frank/workspace/ROS_Unity_test/install/local_setup.ps1'
[2.459s] INFO:colcon.colcon_core.shell:Creating prefix util module '/home/frank/workspace/ROS_Unity_test/install/_local_setup_util_ps1.py'
[2.460s] INFO:colcon.colcon_core.shell:Creating prefix chain script '/home/frank/workspace/ROS_Unity_test/install/setup.ps1'
[2.460s] INFO:colcon.colcon_core.shell:Creating prefix script '/home/frank/workspace/ROS_Unity_test/install/local_setup.sh'
[2.461s] INFO:colcon.colcon_core.shell:Creating prefix util module '/home/frank/workspace/ROS_Unity_test/install/_local_setup_util_sh.py'
[2.461s] INFO:colcon.colcon_core.shell:Creating prefix chain script '/home/frank/workspace/ROS_Unity_test/install/setup.sh'
[2.462s] INFO:colcon.colcon_core.shell:Creating prefix script '/home/frank/workspace/ROS_Unity_test/install/local_setup.bash'
[2.462s] INFO:colcon.colcon_core.shell:Creating prefix chain script '/home/frank/workspace/ROS_Unity_test/install/setup.bash'
[2.463s] INFO:colcon.colcon_core.shell:Creating prefix script '/home/frank/workspace/ROS_Unity_test/install/local_setup.zsh'
[2.463s] INFO:colcon.colcon_core.shell:Creating prefix chain script '/home/frank/workspace/ROS_Unity_test/install/setup.zsh'
