/home/frank/workspace/ROS_Unity_test/install/eeg_processing/lib/python3.10/site-packages/eeg_processing/CentralControllerSSVEPNode.py
/home/frank/workspace/ROS_Unity_test/install/eeg_processing/lib/python3.10/site-packages/eeg_processing/ssvep_processing_fbcca.py
/home/frank/workspace/ROS_Unity_test/install/eeg_processing/lib/python3.10/site-packages/eeg_processing/p300_processing_test_online.py
/home/frank/workspace/ROS_Unity_test/install/eeg_processing/lib/python3.10/site-packages/eeg_processing/ssvep_processing_etrca.py
/home/frank/workspace/ROS_Unity_test/install/eeg_processing/lib/python3.10/site-packages/eeg_processing/ssvep_pipeline.py
/home/frank/workspace/ROS_Unity_test/install/eeg_processing/lib/python3.10/site-packages/eeg_processing/CentralControllerNode.py
/home/frank/workspace/ROS_Unity_test/install/eeg_processing/lib/python3.10/site-packages/eeg_processing/history_sender.py
/home/frank/workspace/ROS_Unity_test/install/eeg_processing/lib/python3.10/site-packages/eeg_processing/CentralControllerSSVEPNode2.py
/home/frank/workspace/ROS_Unity_test/install/eeg_processing/lib/python3.10/site-packages/eeg_processing/p300_processing_test.py
/home/frank/workspace/ROS_Unity_test/install/eeg_processing/lib/python3.10/site-packages/eeg_processing/CentralControllerSSVEPTrainNode.py
/home/frank/workspace/ROS_Unity_test/install/eeg_processing/lib/python3.10/site-packages/eeg_processing/__init__.py
/home/frank/workspace/ROS_Unity_test/install/eeg_processing/lib/python3.10/site-packages/eeg_processing/__pycache__/CentralControllerSSVEPNode.cpython-310.pyc
/home/frank/workspace/ROS_Unity_test/install/eeg_processing/lib/python3.10/site-packages/eeg_processing/__pycache__/ssvep_processing_fbcca.cpython-310.pyc
/home/frank/workspace/ROS_Unity_test/install/eeg_processing/lib/python3.10/site-packages/eeg_processing/__pycache__/p300_processing_test_online.cpython-310.pyc
/home/frank/workspace/ROS_Unity_test/install/eeg_processing/lib/python3.10/site-packages/eeg_processing/__pycache__/ssvep_processing_etrca.cpython-310.pyc
/home/frank/workspace/ROS_Unity_test/install/eeg_processing/lib/python3.10/site-packages/eeg_processing/__pycache__/ssvep_pipeline.cpython-310.pyc
/home/frank/workspace/ROS_Unity_test/install/eeg_processing/lib/python3.10/site-packages/eeg_processing/__pycache__/CentralControllerNode.cpython-310.pyc
/home/frank/workspace/ROS_Unity_test/install/eeg_processing/lib/python3.10/site-packages/eeg_processing/__pycache__/history_sender.cpython-310.pyc
/home/frank/workspace/ROS_Unity_test/install/eeg_processing/lib/python3.10/site-packages/eeg_processing/__pycache__/CentralControllerSSVEPNode2.cpython-310.pyc
/home/frank/workspace/ROS_Unity_test/install/eeg_processing/lib/python3.10/site-packages/eeg_processing/__pycache__/p300_processing_test.cpython-310.pyc
/home/frank/workspace/ROS_Unity_test/install/eeg_processing/lib/python3.10/site-packages/eeg_processing/__pycache__/CentralControllerSSVEPTrainNode.cpython-310.pyc
/home/frank/workspace/ROS_Unity_test/install/eeg_processing/lib/python3.10/site-packages/eeg_processing/__pycache__/__init__.cpython-310.pyc
/home/frank/workspace/ROS_Unity_test/install/eeg_processing/share/ament_index/resource_index/packages/eeg_processing
/home/frank/workspace/ROS_Unity_test/install/eeg_processing/share/eeg_processing/package.xml
/home/frank/workspace/ROS_Unity_test/install/eeg_processing/lib/python3.10/site-packages/eeg_processing-0.0.0-py3.10.egg-info/SOURCES.txt
/home/frank/workspace/ROS_Unity_test/install/eeg_processing/lib/python3.10/site-packages/eeg_processing-0.0.0-py3.10.egg-info/PKG-INFO
/home/frank/workspace/ROS_Unity_test/install/eeg_processing/lib/python3.10/site-packages/eeg_processing-0.0.0-py3.10.egg-info/zip-safe
/home/frank/workspace/ROS_Unity_test/install/eeg_processing/lib/python3.10/site-packages/eeg_processing-0.0.0-py3.10.egg-info/entry_points.txt
/home/frank/workspace/ROS_Unity_test/install/eeg_processing/lib/python3.10/site-packages/eeg_processing-0.0.0-py3.10.egg-info/requires.txt
/home/frank/workspace/ROS_Unity_test/install/eeg_processing/lib/python3.10/site-packages/eeg_processing-0.0.0-py3.10.egg-info/top_level.txt
/home/frank/workspace/ROS_Unity_test/install/eeg_processing/lib/python3.10/site-packages/eeg_processing-0.0.0-py3.10.egg-info/dependency_links.txt
/home/frank/workspace/ROS_Unity_test/install/eeg_processing/lib/eeg_processing/central_controller_node
/home/frank/workspace/ROS_Unity_test/install/eeg_processing/lib/eeg_processing/central_controller_ssvep_node
/home/frank/workspace/ROS_Unity_test/install/eeg_processing/lib/eeg_processing/central_controller_ssvep_node2
/home/frank/workspace/ROS_Unity_test/install/eeg_processing/lib/eeg_processing/central_controller_ssvep_train_node
/home/frank/workspace/ROS_Unity_test/install/eeg_processing/lib/eeg_processing/history_sender_node
