[0.396s] Invoking command in '/home/themountaintree/workspace/ROS_Unity_test/src/eeg_processing': PYTHONPATH=/home/themountaintree/workspace/ROS_Unity_test/build/eeg_processing/prefix_override:/usr/lib/python3/dist-packages/colcon_core/task/python/colcon_distutils_commands:/home/themountaintree/workspace/ROS_Unity_test/install/eeg_processing/lib/python3.10/site-packages:${PYTHONPATH} /usr/bin/python3 -W ignore:setup.py install is deprecated -W ignore:easy_install command is deprecated setup.py egg_info --egg-base ../../build/eeg_processing build --build-base /home/themountaintree/workspace/ROS_Unity_test/build/eeg_processing/build install --record /home/themountaintree/workspace/ROS_Unity_test/build/eeg_processing/install.log --single-version-externally-managed install_data
[0.533s] running egg_info
[0.533s] writing ../../build/eeg_processing/eeg_processing.egg-info/PKG-INFO
[0.533s] writing dependency_links to ../../build/eeg_processing/eeg_processing.egg-info/dependency_links.txt
[0.533s] writing entry points to ../../build/eeg_processing/eeg_processing.egg-info/entry_points.txt
[0.533s] writing requirements to ../../build/eeg_processing/eeg_processing.egg-info/requires.txt
[0.533s] writing top-level names to ../../build/eeg_processing/eeg_processing.egg-info/top_level.txt
[0.535s] reading manifest file '../../build/eeg_processing/eeg_processing.egg-info/SOURCES.txt'
[0.535s] writing manifest file '../../build/eeg_processing/eeg_processing.egg-info/SOURCES.txt'
[0.535s] running build
[0.536s] running build_py
[0.536s] copying eeg_processing/CentralControllerSSVEPTrainNode.py -> /home/themountaintree/workspace/ROS_Unity_test/build/eeg_processing/build/lib/eeg_processing
[0.536s] running install
[0.536s] running install_lib
[0.536s] copying /home/themountaintree/workspace/ROS_Unity_test/build/eeg_processing/build/lib/eeg_processing/CentralControllerSSVEPTrainNode.py -> /home/themountaintree/workspace/ROS_Unity_test/install/eeg_processing/lib/python3.10/site-packages/eeg_processing
[0.537s] byte-compiling /home/themountaintree/workspace/ROS_Unity_test/install/eeg_processing/lib/python3.10/site-packages/eeg_processing/CentralControllerSSVEPTrainNode.py to CentralControllerSSVEPTrainNode.cpython-310.pyc
[0.539s] running install_data
[0.539s] running install_egg_info
[0.540s] removing '/home/themountaintree/workspace/ROS_Unity_test/install/eeg_processing/lib/python3.10/site-packages/eeg_processing-0.0.0-py3.10.egg-info' (and everything under it)
[0.540s] Copying ../../build/eeg_processing/eeg_processing.egg-info to /home/themountaintree/workspace/ROS_Unity_test/install/eeg_processing/lib/python3.10/site-packages/eeg_processing-0.0.0-py3.10.egg-info
[0.541s] running install_scripts
[0.553s] Installing central_controller_node script to /home/themountaintree/workspace/ROS_Unity_test/install/eeg_processing/lib/eeg_processing
[0.553s] Installing central_controller_ssvep_node script to /home/themountaintree/workspace/ROS_Unity_test/install/eeg_processing/lib/eeg_processing
[0.553s] Installing central_controller_ssvep_train_node script to /home/themountaintree/workspace/ROS_Unity_test/install/eeg_processing/lib/eeg_processing
[0.554s] writing list of installed files to '/home/themountaintree/workspace/ROS_Unity_test/build/eeg_processing/install.log'
[0.567s] Invoked command in '/home/themountaintree/workspace/ROS_Unity_test/src/eeg_processing' returned '0': PYTHONPATH=/home/themountaintree/workspace/ROS_Unity_test/build/eeg_processing/prefix_override:/usr/lib/python3/dist-packages/colcon_core/task/python/colcon_distutils_commands:/home/themountaintree/workspace/ROS_Unity_test/install/eeg_processing/lib/python3.10/site-packages:${PYTHONPATH} /usr/bin/python3 -W ignore:setup.py install is deprecated -W ignore:easy_install command is deprecated setup.py egg_info --egg-base ../../build/eeg_processing build --build-base /home/themountaintree/workspace/ROS_Unity_test/build/eeg_processing/build install --record /home/themountaintree/workspace/ROS_Unity_test/build/eeg_processing/install.log --single-version-externally-managed install_data
