[0.086s] DEBUG:colcon:Command line arguments: ['/usr/bin/colcon', 'build']
[0.086s] DEBUG:colcon:Parsed command line arguments: Namespace(log_base=None, log_level=None, verb_name='build', build_base='build', install_base='install', merge_install=False, symlink_install=False, test_result_base=None, continue_on_error=False, executor='parallel', parallel_workers=12, event_handlers=None, ignore_user_meta=False, metas=['./colcon.meta'], base_paths=['.'], packages_ignore=None, packages_ignore_regex=None, paths=None, packages_up_to=None, packages_up_to_regex=None, packages_above=None, packages_above_and_dependencies=None, packages_above_depth=None, packages_select_by_dep=None, packages_skip_by_dep=None, packages_skip_up_to=None, packages_select_build_failed=False, packages_skip_build_finished=False, packages_select_test_failures=False, packages_skip_test_passed=False, packages_select=None, packages_skip=None, packages_select_regex=None, packages_skip_regex=None, packages_start=None, packages_end=None, allow_overriding=[], cmake_args=None, cmake_target=None, cmake_target_skip_unavailable=False, cmake_clean_cache=False, cmake_clean_first=False, cmake_force_configure=False, ament_cmake_args=None, catkin_cmake_args=None, catkin_skip_building_tests=False, verb_parser=<colcon_defaults.argument_parser.defaults.DefaultArgumentsDecorator object at 0x753b12c64ee0>, verb_extension=<colcon_core.verb.build.BuildVerb object at 0x753b12d6e350>, main=<bound method BuildVerb.main of <colcon_core.verb.build.BuildVerb object at 0x753b12d6e350>>)
[0.203s] Level 1:colcon.colcon_core.package_discovery:discover_packages(colcon_meta) check parameters
[0.204s] Level 1:colcon.colcon_core.package_discovery:discover_packages(recursive) check parameters
[0.204s] Level 1:colcon.colcon_core.package_discovery:discover_packages(ignore) check parameters
[0.204s] Level 1:colcon.colcon_core.package_discovery:discover_packages(path) check parameters
[0.204s] Level 1:colcon.colcon_core.package_discovery:discover_packages(colcon_meta) discover
[0.204s] Level 1:colcon.colcon_core.package_discovery:discover_packages(recursive) discover
[0.204s] INFO:colcon.colcon_core.package_discovery:Crawling recursively for packages in '/home/frank/workspace/ROS_Unity_test'
[0.204s] Level 1:colcon.colcon_core.package_identification:_identify(.) by extensions ['ignore', 'ignore_ament_install']
[0.204s] Level 1:colcon.colcon_core.package_identification:_identify(.) by extension 'ignore'
[0.204s] Level 1:colcon.colcon_core.package_identification:_identify(.) by extension 'ignore_ament_install'
[0.204s] Level 1:colcon.colcon_core.package_identification:_identify(.) by extensions ['colcon_pkg']
[0.204s] Level 1:colcon.colcon_core.package_identification:_identify(.) by extension 'colcon_pkg'
[0.204s] Level 1:colcon.colcon_core.package_identification:_identify(.) by extensions ['colcon_meta']
[0.204s] Level 1:colcon.colcon_core.package_identification:_identify(.) by extension 'colcon_meta'
[0.204s] Level 1:colcon.colcon_core.package_identification:_identify(.) by extensions ['ros']
[0.204s] Level 1:colcon.colcon_core.package_identification:_identify(.) by extension 'ros'
[0.217s] Level 1:colcon.colcon_core.package_identification:_identify(.) by extensions ['cmake', 'python']
[0.217s] Level 1:colcon.colcon_core.package_identification:_identify(.) by extension 'cmake'
[0.217s] Level 1:colcon.colcon_core.package_identification:_identify(.) by extension 'python'
[0.217s] Level 1:colcon.colcon_core.package_identification:_identify(.) by extensions ['python_setup_py']
[0.217s] Level 1:colcon.colcon_core.package_identification:_identify(.) by extension 'python_setup_py'
[0.217s] Level 1:colcon.colcon_core.package_identification:_identify(build) by extensions ['ignore', 'ignore_ament_install']
[0.217s] Level 1:colcon.colcon_core.package_identification:_identify(build) by extension 'ignore'
[0.217s] Level 1:colcon.colcon_core.package_identification:_identify(build) ignored
[0.218s] Level 1:colcon.colcon_core.package_identification:_identify(data) by extensions ['ignore', 'ignore_ament_install']
[0.218s] Level 1:colcon.colcon_core.package_identification:_identify(data) by extension 'ignore'
[0.218s] Level 1:colcon.colcon_core.package_identification:_identify(data) by extension 'ignore_ament_install'
[0.218s] Level 1:colcon.colcon_core.package_identification:_identify(data) by extensions ['colcon_pkg']
[0.218s] Level 1:colcon.colcon_core.package_identification:_identify(data) by extension 'colcon_pkg'
[0.218s] Level 1:colcon.colcon_core.package_identification:_identify(data) by extensions ['colcon_meta']
[0.218s] Level 1:colcon.colcon_core.package_identification:_identify(data) by extension 'colcon_meta'
[0.218s] Level 1:colcon.colcon_core.package_identification:_identify(data) by extensions ['ros']
[0.218s] Level 1:colcon.colcon_core.package_identification:_identify(data) by extension 'ros'
[0.218s] Level 1:colcon.colcon_core.package_identification:_identify(data) by extensions ['cmake', 'python']
[0.218s] Level 1:colcon.colcon_core.package_identification:_identify(data) by extension 'cmake'
[0.218s] Level 1:colcon.colcon_core.package_identification:_identify(data) by extension 'python'
[0.218s] Level 1:colcon.colcon_core.package_identification:_identify(data) by extensions ['python_setup_py']
[0.218s] Level 1:colcon.colcon_core.package_identification:_identify(data) by extension 'python_setup_py'
[0.218s] Level 1:colcon.colcon_core.package_identification:_identify(data/central_controller) by extensions ['ignore', 'ignore_ament_install']
[0.218s] Level 1:colcon.colcon_core.package_identification:_identify(data/central_controller) by extension 'ignore'
[0.218s] Level 1:colcon.colcon_core.package_identification:_identify(data/central_controller) by extension 'ignore_ament_install'
[0.218s] Level 1:colcon.colcon_core.package_identification:_identify(data/central_controller) by extensions ['colcon_pkg']
[0.218s] Level 1:colcon.colcon_core.package_identification:_identify(data/central_controller) by extension 'colcon_pkg'
[0.218s] Level 1:colcon.colcon_core.package_identification:_identify(data/central_controller) by extensions ['colcon_meta']
[0.218s] Level 1:colcon.colcon_core.package_identification:_identify(data/central_controller) by extension 'colcon_meta'
[0.218s] Level 1:colcon.colcon_core.package_identification:_identify(data/central_controller) by extensions ['ros']
[0.218s] Level 1:colcon.colcon_core.package_identification:_identify(data/central_controller) by extension 'ros'
[0.218s] Level 1:colcon.colcon_core.package_identification:_identify(data/central_controller) by extensions ['cmake', 'python']
[0.218s] Level 1:colcon.colcon_core.package_identification:_identify(data/central_controller) by extension 'cmake'
[0.218s] Level 1:colcon.colcon_core.package_identification:_identify(data/central_controller) by extension 'python'
[0.219s] Level 1:colcon.colcon_core.package_identification:_identify(data/central_controller) by extensions ['python_setup_py']
[0.219s] Level 1:colcon.colcon_core.package_identification:_identify(data/central_controller) by extension 'python_setup_py'
[0.219s] Level 1:colcon.colcon_core.package_identification:_identify(data/central_controller_ssvep2) by extensions ['ignore', 'ignore_ament_install']
[0.219s] Level 1:colcon.colcon_core.package_identification:_identify(data/central_controller_ssvep2) by extension 'ignore'
[0.219s] Level 1:colcon.colcon_core.package_identification:_identify(data/central_controller_ssvep2) by extension 'ignore_ament_install'
[0.219s] Level 1:colcon.colcon_core.package_identification:_identify(data/central_controller_ssvep2) by extensions ['colcon_pkg']
[0.219s] Level 1:colcon.colcon_core.package_identification:_identify(data/central_controller_ssvep2) by extension 'colcon_pkg'
[0.219s] Level 1:colcon.colcon_core.package_identification:_identify(data/central_controller_ssvep2) by extensions ['colcon_meta']
[0.219s] Level 1:colcon.colcon_core.package_identification:_identify(data/central_controller_ssvep2) by extension 'colcon_meta'
[0.219s] Level 1:colcon.colcon_core.package_identification:_identify(data/central_controller_ssvep2) by extensions ['ros']
[0.219s] Level 1:colcon.colcon_core.package_identification:_identify(data/central_controller_ssvep2) by extension 'ros'
[0.219s] Level 1:colcon.colcon_core.package_identification:_identify(data/central_controller_ssvep2) by extensions ['cmake', 'python']
[0.219s] Level 1:colcon.colcon_core.package_identification:_identify(data/central_controller_ssvep2) by extension 'cmake'
[0.219s] Level 1:colcon.colcon_core.package_identification:_identify(data/central_controller_ssvep2) by extension 'python'
[0.219s] Level 1:colcon.colcon_core.package_identification:_identify(data/central_controller_ssvep2) by extensions ['python_setup_py']
[0.219s] Level 1:colcon.colcon_core.package_identification:_identify(data/central_controller_ssvep2) by extension 'python_setup_py'
[0.219s] Level 1:colcon.colcon_core.package_identification:_identify(data/central_controller_ssvep_train) by extensions ['ignore', 'ignore_ament_install']
[0.219s] Level 1:colcon.colcon_core.package_identification:_identify(data/central_controller_ssvep_train) by extension 'ignore'
[0.219s] Level 1:colcon.colcon_core.package_identification:_identify(data/central_controller_ssvep_train) by extension 'ignore_ament_install'
[0.219s] Level 1:colcon.colcon_core.package_identification:_identify(data/central_controller_ssvep_train) by extensions ['colcon_pkg']
[0.219s] Level 1:colcon.colcon_core.package_identification:_identify(data/central_controller_ssvep_train) by extension 'colcon_pkg'
[0.219s] Level 1:colcon.colcon_core.package_identification:_identify(data/central_controller_ssvep_train) by extensions ['colcon_meta']
[0.219s] Level 1:colcon.colcon_core.package_identification:_identify(data/central_controller_ssvep_train) by extension 'colcon_meta'
[0.219s] Level 1:colcon.colcon_core.package_identification:_identify(data/central_controller_ssvep_train) by extensions ['ros']
[0.219s] Level 1:colcon.colcon_core.package_identification:_identify(data/central_controller_ssvep_train) by extension 'ros'
[0.219s] Level 1:colcon.colcon_core.package_identification:_identify(data/central_controller_ssvep_train) by extensions ['cmake', 'python']
[0.219s] Level 1:colcon.colcon_core.package_identification:_identify(data/central_controller_ssvep_train) by extension 'cmake'
[0.220s] Level 1:colcon.colcon_core.package_identification:_identify(data/central_controller_ssvep_train) by extension 'python'
[0.220s] Level 1:colcon.colcon_core.package_identification:_identify(data/central_controller_ssvep_train) by extensions ['python_setup_py']
[0.220s] Level 1:colcon.colcon_core.package_identification:_identify(data/central_controller_ssvep_train) by extension 'python_setup_py'
[0.220s] Level 1:colcon.colcon_core.package_identification:_identify(install) by extensions ['ignore', 'ignore_ament_install']
[0.220s] Level 1:colcon.colcon_core.package_identification:_identify(install) by extension 'ignore'
[0.220s] Level 1:colcon.colcon_core.package_identification:_identify(install) ignored
[0.220s] Level 1:colcon.colcon_core.package_identification:_identify(log) by extensions ['ignore', 'ignore_ament_install']
[0.220s] Level 1:colcon.colcon_core.package_identification:_identify(log) by extension 'ignore'
[0.220s] Level 1:colcon.colcon_core.package_identification:_identify(log) ignored
[0.220s] Level 1:colcon.colcon_core.package_identification:_identify(src) by extensions ['ignore', 'ignore_ament_install']
[0.220s] Level 1:colcon.colcon_core.package_identification:_identify(src) by extension 'ignore'
[0.220s] Level 1:colcon.colcon_core.package_identification:_identify(src) by extension 'ignore_ament_install'
[0.220s] Level 1:colcon.colcon_core.package_identification:_identify(src) by extensions ['colcon_pkg']
[0.220s] Level 1:colcon.colcon_core.package_identification:_identify(src) by extension 'colcon_pkg'
[0.220s] Level 1:colcon.colcon_core.package_identification:_identify(src) by extensions ['colcon_meta']
[0.220s] Level 1:colcon.colcon_core.package_identification:_identify(src) by extension 'colcon_meta'
[0.220s] Level 1:colcon.colcon_core.package_identification:_identify(src) by extensions ['ros']
[0.220s] Level 1:colcon.colcon_core.package_identification:_identify(src) by extension 'ros'
[0.220s] Level 1:colcon.colcon_core.package_identification:_identify(src) by extensions ['cmake', 'python']
[0.220s] Level 1:colcon.colcon_core.package_identification:_identify(src) by extension 'cmake'
[0.220s] Level 1:colcon.colcon_core.package_identification:_identify(src) by extension 'python'
[0.220s] Level 1:colcon.colcon_core.package_identification:_identify(src) by extensions ['python_setup_py']
[0.220s] Level 1:colcon.colcon_core.package_identification:_identify(src) by extension 'python_setup_py'
[0.220s] Level 1:colcon.colcon_core.package_identification:_identify(src/eeg_processing) by extensions ['ignore', 'ignore_ament_install']
[0.220s] Level 1:colcon.colcon_core.package_identification:_identify(src/eeg_processing) by extension 'ignore'
[0.220s] Level 1:colcon.colcon_core.package_identification:_identify(src/eeg_processing) by extension 'ignore_ament_install'
[0.221s] Level 1:colcon.colcon_core.package_identification:_identify(src/eeg_processing) by extensions ['colcon_pkg']
[0.221s] Level 1:colcon.colcon_core.package_identification:_identify(src/eeg_processing) by extension 'colcon_pkg'
[0.221s] Level 1:colcon.colcon_core.package_identification:_identify(src/eeg_processing) by extensions ['colcon_meta']
[0.221s] Level 1:colcon.colcon_core.package_identification:_identify(src/eeg_processing) by extension 'colcon_meta'
[0.221s] Level 1:colcon.colcon_core.package_identification:_identify(src/eeg_processing) by extensions ['ros']
[0.221s] Level 1:colcon.colcon_core.package_identification:_identify(src/eeg_processing) by extension 'ros'
[0.223s] DEBUG:colcon.colcon_core.package_identification:Package 'src/eeg_processing' with type 'ros.ament_python' and name 'eeg_processing'
[0.223s] Level 1:colcon.colcon_core.package_identification:_identify(src/publisher_test) by extensions ['ignore', 'ignore_ament_install']
[0.223s] Level 1:colcon.colcon_core.package_identification:_identify(src/publisher_test) by extension 'ignore'
[0.223s] Level 1:colcon.colcon_core.package_identification:_identify(src/publisher_test) by extension 'ignore_ament_install'
[0.223s] Level 1:colcon.colcon_core.package_identification:_identify(src/publisher_test) by extensions ['colcon_pkg']
[0.223s] Level 1:colcon.colcon_core.package_identification:_identify(src/publisher_test) by extension 'colcon_pkg'
[0.223s] Level 1:colcon.colcon_core.package_identification:_identify(src/publisher_test) by extensions ['colcon_meta']
[0.223s] Level 1:colcon.colcon_core.package_identification:_identify(src/publisher_test) by extension 'colcon_meta'
[0.223s] Level 1:colcon.colcon_core.package_identification:_identify(src/publisher_test) by extensions ['ros']
[0.223s] Level 1:colcon.colcon_core.package_identification:_identify(src/publisher_test) by extension 'ros'
[0.224s] DEBUG:colcon.colcon_core.package_identification:Package 'src/publisher_test' with type 'ros.ament_python' and name 'publisher_test'
[0.224s] Level 1:colcon.colcon_core.package_discovery:discover_packages(recursive) using defaults
[0.224s] Level 1:colcon.colcon_core.package_discovery:discover_packages(ignore) discover
[0.224s] Level 1:colcon.colcon_core.package_discovery:discover_packages(ignore) using defaults
[0.224s] Level 1:colcon.colcon_core.package_discovery:discover_packages(path) discover
[0.224s] Level 1:colcon.colcon_core.package_discovery:discover_packages(path) using defaults
[0.246s] Level 1:colcon.colcon_core.package_discovery:discover_packages(prefix_path) check parameters
[0.246s] Level 1:colcon.colcon_core.package_discovery:discover_packages(prefix_path) discover
[0.248s] DEBUG:colcon.colcon_installed_package_information.package_discovery:Found 288 installed packages in /opt/ros/humble
[0.249s] Level 1:colcon.colcon_core.package_discovery:discover_packages(prefix_path) using defaults
[0.273s] Level 5:colcon.colcon_core.verb:set package 'eeg_processing' build argument 'cmake_args' from command line to 'None'
[0.273s] Level 5:colcon.colcon_core.verb:set package 'eeg_processing' build argument 'cmake_target' from command line to 'None'
[0.273s] Level 5:colcon.colcon_core.verb:set package 'eeg_processing' build argument 'cmake_target_skip_unavailable' from command line to 'False'
[0.273s] Level 5:colcon.colcon_core.verb:set package 'eeg_processing' build argument 'cmake_clean_cache' from command line to 'False'
[0.273s] Level 5:colcon.colcon_core.verb:set package 'eeg_processing' build argument 'cmake_clean_first' from command line to 'False'
[0.273s] Level 5:colcon.colcon_core.verb:set package 'eeg_processing' build argument 'cmake_force_configure' from command line to 'False'
[0.273s] Level 5:colcon.colcon_core.verb:set package 'eeg_processing' build argument 'ament_cmake_args' from command line to 'None'
[0.273s] Level 5:colcon.colcon_core.verb:set package 'eeg_processing' build argument 'catkin_cmake_args' from command line to 'None'
[0.273s] Level 5:colcon.colcon_core.verb:set package 'eeg_processing' build argument 'catkin_skip_building_tests' from command line to 'False'
[0.273s] DEBUG:colcon.colcon_core.verb:Building package 'eeg_processing' with the following arguments: {'ament_cmake_args': None, 'build_base': '/home/frank/workspace/ROS_Unity_test/build/eeg_processing', 'catkin_cmake_args': None, 'catkin_skip_building_tests': False, 'cmake_args': None, 'cmake_clean_cache': False, 'cmake_clean_first': False, 'cmake_force_configure': False, 'cmake_target': None, 'cmake_target_skip_unavailable': False, 'install_base': '/home/frank/workspace/ROS_Unity_test/install/eeg_processing', 'merge_install': False, 'path': '/home/frank/workspace/ROS_Unity_test/src/eeg_processing', 'symlink_install': False, 'test_result_base': None}
[0.273s] Level 5:colcon.colcon_core.verb:set package 'publisher_test' build argument 'cmake_args' from command line to 'None'
[0.273s] Level 5:colcon.colcon_core.verb:set package 'publisher_test' build argument 'cmake_target' from command line to 'None'
[0.273s] Level 5:colcon.colcon_core.verb:set package 'publisher_test' build argument 'cmake_target_skip_unavailable' from command line to 'False'
[0.273s] Level 5:colcon.colcon_core.verb:set package 'publisher_test' build argument 'cmake_clean_cache' from command line to 'False'
[0.273s] Level 5:colcon.colcon_core.verb:set package 'publisher_test' build argument 'cmake_clean_first' from command line to 'False'
[0.273s] Level 5:colcon.colcon_core.verb:set package 'publisher_test' build argument 'cmake_force_configure' from command line to 'False'
[0.273s] Level 5:colcon.colcon_core.verb:set package 'publisher_test' build argument 'ament_cmake_args' from command line to 'None'
[0.273s] Level 5:colcon.colcon_core.verb:set package 'publisher_test' build argument 'catkin_cmake_args' from command line to 'None'
[0.273s] Level 5:colcon.colcon_core.verb:set package 'publisher_test' build argument 'catkin_skip_building_tests' from command line to 'False'
[0.273s] DEBUG:colcon.colcon_core.verb:Building package 'publisher_test' with the following arguments: {'ament_cmake_args': None, 'build_base': '/home/frank/workspace/ROS_Unity_test/build/publisher_test', 'catkin_cmake_args': None, 'catkin_skip_building_tests': False, 'cmake_args': None, 'cmake_clean_cache': False, 'cmake_clean_first': False, 'cmake_force_configure': False, 'cmake_target': None, 'cmake_target_skip_unavailable': False, 'install_base': '/home/frank/workspace/ROS_Unity_test/install/publisher_test', 'merge_install': False, 'path': '/home/frank/workspace/ROS_Unity_test/src/publisher_test', 'symlink_install': False, 'test_result_base': None}
[0.273s] INFO:colcon.colcon_core.executor:Executing jobs using 'parallel' executor
[0.274s] DEBUG:colcon.colcon_parallel_executor.executor.parallel:run_until_complete
[0.274s] INFO:colcon.colcon_ros.task.ament_python.build:Building ROS package in '/home/frank/workspace/ROS_Unity_test/src/eeg_processing' with build type 'ament_python'
[0.274s] Level 1:colcon.colcon_core.shell:create_environment_hook('eeg_processing', 'ament_prefix_path')
[0.276s] INFO:colcon.colcon_core.plugin_system:Skipping extension 'colcon_core.shell.bat': Not used on non-Windows systems
[0.276s] INFO:colcon.colcon_core.shell:Creating environment hook '/home/frank/workspace/ROS_Unity_test/install/eeg_processing/share/eeg_processing/hook/ament_prefix_path.ps1'
[0.276s] INFO:colcon.colcon_core.shell:Creating environment descriptor '/home/frank/workspace/ROS_Unity_test/install/eeg_processing/share/eeg_processing/hook/ament_prefix_path.dsv'
[0.277s] INFO:colcon.colcon_core.shell:Creating environment hook '/home/frank/workspace/ROS_Unity_test/install/eeg_processing/share/eeg_processing/hook/ament_prefix_path.sh'
[0.277s] INFO:colcon.colcon_core.shell:Skip shell extension 'powershell' for command environment: Not usable outside of PowerShell
[0.277s] DEBUG:colcon.colcon_core.shell:Skip shell extension 'dsv' for command environment
[0.279s] INFO:colcon.colcon_ros.task.ament_python.build:Building ROS package in '/home/frank/workspace/ROS_Unity_test/src/publisher_test' with build type 'ament_python'
[0.279s] Level 1:colcon.colcon_core.shell:create_environment_hook('publisher_test', 'ament_prefix_path')
[0.279s] INFO:colcon.colcon_core.shell:Creating environment hook '/home/frank/workspace/ROS_Unity_test/install/publisher_test/share/publisher_test/hook/ament_prefix_path.ps1'
[0.279s] INFO:colcon.colcon_core.shell:Creating environment descriptor '/home/frank/workspace/ROS_Unity_test/install/publisher_test/share/publisher_test/hook/ament_prefix_path.dsv'
[0.280s] INFO:colcon.colcon_core.shell:Creating environment hook '/home/frank/workspace/ROS_Unity_test/install/publisher_test/share/publisher_test/hook/ament_prefix_path.sh'
[0.280s] INFO:colcon.colcon_core.shell:Skip shell extension 'powershell' for command environment: Not usable outside of PowerShell
[0.280s] DEBUG:colcon.colcon_core.shell:Skip shell extension 'dsv' for command environment
[0.446s] INFO:colcon.colcon_core.task.python.build:Building Python package in '/home/frank/workspace/ROS_Unity_test/src/eeg_processing'
[0.447s] INFO:colcon.colcon_core.shell:Skip shell extension 'powershell' for command environment: Not usable outside of PowerShell
[0.447s] DEBUG:colcon.colcon_core.shell:Skip shell extension 'dsv' for command environment
[0.612s] INFO:colcon.colcon_core.task.python.build:Building Python package in '/home/frank/workspace/ROS_Unity_test/src/publisher_test'
[0.612s] INFO:colcon.colcon_core.shell:Skip shell extension 'powershell' for command environment: Not usable outside of PowerShell
[0.612s] DEBUG:colcon.colcon_core.shell:Skip shell extension 'dsv' for command environment
[0.862s] DEBUG:colcon.colcon_core.event_handler.log_command:Invoking command in '/home/frank/workspace/ROS_Unity_test/src/publisher_test': CONDA_PROMPT_MODIFIER=(/home/frank/Dataset/my_env/metabci) PYTHONPATH=/home/frank/workspace/ROS_Unity_test/build/publisher_test/prefix_override:/usr/lib/python3/dist-packages/colcon_core/task/python/colcon_distutils_commands:/home/frank/workspace/ROS_Unity_test/install/publisher_test/lib/python3.10/site-packages:${PYTHONPATH} /usr/bin/python3 -W ignore:setup.py install is deprecated -W ignore:easy_install command is deprecated setup.py egg_info --egg-base ../../build/publisher_test build --build-base /home/frank/workspace/ROS_Unity_test/build/publisher_test/build install --record /home/frank/workspace/ROS_Unity_test/build/publisher_test/install.log --single-version-externally-managed install_data
[0.865s] DEBUG:colcon.colcon_core.event_handler.log_command:Invoking command in '/home/frank/workspace/ROS_Unity_test/src/eeg_processing': CONDA_PROMPT_MODIFIER=(/home/frank/Dataset/my_env/metabci) PYTHONPATH=/home/frank/workspace/ROS_Unity_test/build/eeg_processing/prefix_override:/usr/lib/python3/dist-packages/colcon_core/task/python/colcon_distutils_commands:/home/frank/workspace/ROS_Unity_test/install/eeg_processing/lib/python3.10/site-packages:${PYTHONPATH} /usr/bin/python3 -W ignore:setup.py install is deprecated -W ignore:easy_install command is deprecated setup.py egg_info --egg-base ../../build/eeg_processing build --build-base /home/frank/workspace/ROS_Unity_test/build/eeg_processing/build install --record /home/frank/workspace/ROS_Unity_test/build/eeg_processing/install.log --single-version-externally-managed install_data
[1.062s] DEBUG:colcon.colcon_core.event_handler.log_command:Invoked command in '/home/frank/workspace/ROS_Unity_test/src/publisher_test' returned '0': CONDA_PROMPT_MODIFIER=(/home/frank/Dataset/my_env/metabci) PYTHONPATH=/home/frank/workspace/ROS_Unity_test/build/publisher_test/prefix_override:/usr/lib/python3/dist-packages/colcon_core/task/python/colcon_distutils_commands:/home/frank/workspace/ROS_Unity_test/install/publisher_test/lib/python3.10/site-packages:${PYTHONPATH} /usr/bin/python3 -W ignore:setup.py install is deprecated -W ignore:easy_install command is deprecated setup.py egg_info --egg-base ../../build/publisher_test build --build-base /home/frank/workspace/ROS_Unity_test/build/publisher_test/build install --record /home/frank/workspace/ROS_Unity_test/build/publisher_test/install.log --single-version-externally-managed install_data
[1.064s] Level 1:colcon.colcon_core.environment:checking '/home/frank/workspace/ROS_Unity_test/install/publisher_test' for CMake module files
[1.065s] Level 1:colcon.colcon_core.environment:checking '/home/frank/workspace/ROS_Unity_test/install/publisher_test' for CMake config files
[1.065s] Level 1:colcon.colcon_core.environment:checking '/home/frank/workspace/ROS_Unity_test/install/publisher_test/lib'
[1.065s] Level 1:colcon.colcon_core.environment:checking '/home/frank/workspace/ROS_Unity_test/install/publisher_test/bin'
[1.065s] Level 1:colcon.colcon_core.environment:checking '/home/frank/workspace/ROS_Unity_test/install/publisher_test/lib/pkgconfig/publisher_test.pc'
[1.065s] Level 1:colcon.colcon_core.environment:checking '/home/frank/workspace/ROS_Unity_test/install/publisher_test/lib/python3.10/site-packages'
[1.065s] Level 1:colcon.colcon_core.shell:create_environment_hook('publisher_test', 'pythonpath')
[1.066s] INFO:colcon.colcon_core.shell:Creating environment hook '/home/frank/workspace/ROS_Unity_test/install/publisher_test/share/publisher_test/hook/pythonpath.ps1'
[1.066s] INFO:colcon.colcon_core.shell:Creating environment descriptor '/home/frank/workspace/ROS_Unity_test/install/publisher_test/share/publisher_test/hook/pythonpath.dsv'
[1.066s] INFO:colcon.colcon_core.shell:Creating environment hook '/home/frank/workspace/ROS_Unity_test/install/publisher_test/share/publisher_test/hook/pythonpath.sh'
[1.067s] Level 1:colcon.colcon_core.environment:checking '/home/frank/workspace/ROS_Unity_test/install/publisher_test/bin'
[1.067s] Level 1:colcon.colcon_core.environment:create_environment_scripts_only(publisher_test)
[1.067s] INFO:colcon.colcon_core.shell:Creating package script '/home/frank/workspace/ROS_Unity_test/install/publisher_test/share/publisher_test/package.ps1'
[1.068s] INFO:colcon.colcon_core.shell:Creating package descriptor '/home/frank/workspace/ROS_Unity_test/install/publisher_test/share/publisher_test/package.dsv'
[1.068s] INFO:colcon.colcon_core.shell:Creating package script '/home/frank/workspace/ROS_Unity_test/install/publisher_test/share/publisher_test/package.sh'
[1.069s] INFO:colcon.colcon_core.shell:Creating package script '/home/frank/workspace/ROS_Unity_test/install/publisher_test/share/publisher_test/package.bash'
[1.069s] INFO:colcon.colcon_core.shell:Creating package script '/home/frank/workspace/ROS_Unity_test/install/publisher_test/share/publisher_test/package.zsh'
[1.070s] Level 1:colcon.colcon_core.environment:create_file_with_runtime_dependencies(/home/frank/workspace/ROS_Unity_test/install/publisher_test/share/colcon-core/packages/publisher_test)
[1.086s] Level 1:colcon.colcon_core.environment:checking '/home/frank/workspace/ROS_Unity_test/install/eeg_processing' for CMake module files
[1.087s] DEBUG:colcon.colcon_core.event_handler.log_command:Invoked command in '/home/frank/workspace/ROS_Unity_test/src/eeg_processing' returned '0': CONDA_PROMPT_MODIFIER=(/home/frank/Dataset/my_env/metabci) PYTHONPATH=/home/frank/workspace/ROS_Unity_test/build/eeg_processing/prefix_override:/usr/lib/python3/dist-packages/colcon_core/task/python/colcon_distutils_commands:/home/frank/workspace/ROS_Unity_test/install/eeg_processing/lib/python3.10/site-packages:${PYTHONPATH} /usr/bin/python3 -W ignore:setup.py install is deprecated -W ignore:easy_install command is deprecated setup.py egg_info --egg-base ../../build/eeg_processing build --build-base /home/frank/workspace/ROS_Unity_test/build/eeg_processing/build install --record /home/frank/workspace/ROS_Unity_test/build/eeg_processing/install.log --single-version-externally-managed install_data
[1.087s] Level 1:colcon.colcon_core.environment:checking '/home/frank/workspace/ROS_Unity_test/install/eeg_processing' for CMake config files
[1.087s] Level 1:colcon.colcon_core.environment:checking '/home/frank/workspace/ROS_Unity_test/install/eeg_processing/lib'
[1.087s] Level 1:colcon.colcon_core.environment:checking '/home/frank/workspace/ROS_Unity_test/install/eeg_processing/bin'
[1.087s] Level 1:colcon.colcon_core.environment:checking '/home/frank/workspace/ROS_Unity_test/install/eeg_processing/lib/pkgconfig/eeg_processing.pc'
[1.087s] Level 1:colcon.colcon_core.environment:checking '/home/frank/workspace/ROS_Unity_test/install/eeg_processing/lib/python3.10/site-packages'
[1.088s] Level 1:colcon.colcon_core.shell:create_environment_hook('eeg_processing', 'pythonpath')
[1.088s] INFO:colcon.colcon_core.shell:Creating environment hook '/home/frank/workspace/ROS_Unity_test/install/eeg_processing/share/eeg_processing/hook/pythonpath.ps1'
[1.088s] INFO:colcon.colcon_core.shell:Creating environment descriptor '/home/frank/workspace/ROS_Unity_test/install/eeg_processing/share/eeg_processing/hook/pythonpath.dsv'
[1.088s] INFO:colcon.colcon_core.shell:Creating environment hook '/home/frank/workspace/ROS_Unity_test/install/eeg_processing/share/eeg_processing/hook/pythonpath.sh'
[1.089s] Level 1:colcon.colcon_core.environment:checking '/home/frank/workspace/ROS_Unity_test/install/eeg_processing/bin'
[1.089s] Level 1:colcon.colcon_core.environment:create_environment_scripts_only(eeg_processing)
[1.089s] INFO:colcon.colcon_core.shell:Creating package script '/home/frank/workspace/ROS_Unity_test/install/eeg_processing/share/eeg_processing/package.ps1'
[1.090s] INFO:colcon.colcon_core.shell:Creating package descriptor '/home/frank/workspace/ROS_Unity_test/install/eeg_processing/share/eeg_processing/package.dsv'
[1.090s] INFO:colcon.colcon_core.shell:Creating package script '/home/frank/workspace/ROS_Unity_test/install/eeg_processing/share/eeg_processing/package.sh'
[1.090s] INFO:colcon.colcon_core.shell:Creating package script '/home/frank/workspace/ROS_Unity_test/install/eeg_processing/share/eeg_processing/package.bash'
[1.090s] INFO:colcon.colcon_core.shell:Creating package script '/home/frank/workspace/ROS_Unity_test/install/eeg_processing/share/eeg_processing/package.zsh'
[1.090s] Level 1:colcon.colcon_core.environment:create_file_with_runtime_dependencies(/home/frank/workspace/ROS_Unity_test/install/eeg_processing/share/colcon-core/packages/eeg_processing)
[1.091s] DEBUG:colcon.colcon_parallel_executor.executor.parallel:closing loop
[1.091s] DEBUG:colcon.colcon_parallel_executor.executor.parallel:loop closed
[1.091s] DEBUG:colcon.colcon_parallel_executor.executor.parallel:run_until_complete finished with '0'
[1.091s] DEBUG:colcon.colcon_core.event_reactor:joining thread
[1.095s] INFO:colcon.colcon_core.plugin_system:Skipping extension 'colcon_notification.desktop_notification.terminal_notifier': Not used on non-Darwin systems
[1.095s] INFO:colcon.colcon_core.plugin_system:Skipping extension 'colcon_notification.desktop_notification.win32': Not used on non-Windows systems
[1.095s] INFO:colcon.colcon_notification.desktop_notification:Sending desktop notification using 'notify2'
[1.107s] DEBUG:colcon.colcon_core.event_reactor:joined thread
[1.107s] INFO:colcon.colcon_core.shell:Creating prefix script '/home/frank/workspace/ROS_Unity_test/install/local_setup.ps1'
[1.108s] INFO:colcon.colcon_core.shell:Creating prefix util module '/home/frank/workspace/ROS_Unity_test/install/_local_setup_util_ps1.py'
[1.109s] INFO:colcon.colcon_core.shell:Creating prefix chain script '/home/frank/workspace/ROS_Unity_test/install/setup.ps1'
[1.109s] INFO:colcon.colcon_core.shell:Creating prefix script '/home/frank/workspace/ROS_Unity_test/install/local_setup.sh'
[1.110s] INFO:colcon.colcon_core.shell:Creating prefix util module '/home/frank/workspace/ROS_Unity_test/install/_local_setup_util_sh.py'
[1.110s] INFO:colcon.colcon_core.shell:Creating prefix chain script '/home/frank/workspace/ROS_Unity_test/install/setup.sh'
[1.111s] INFO:colcon.colcon_core.shell:Creating prefix script '/home/frank/workspace/ROS_Unity_test/install/local_setup.bash'
[1.111s] INFO:colcon.colcon_core.shell:Creating prefix chain script '/home/frank/workspace/ROS_Unity_test/install/setup.bash'
[1.111s] INFO:colcon.colcon_core.shell:Creating prefix script '/home/frank/workspace/ROS_Unity_test/install/local_setup.zsh'
[1.112s] INFO:colcon.colcon_core.shell:Creating prefix chain script '/home/frank/workspace/ROS_Unity_test/install/setup.zsh'
