[0.401s] Invoking command in '/home/themountaintree/workspace/ROS_Unity_test/src/eeg_processing': PYTHONPATH=/home/themountaintree/workspace/ROS_Unity_test/build/eeg_processing/prefix_override:/usr/lib/python3/dist-packages/colcon_core/task/python/colcon_distutils_commands:/home/themountaintree/workspace/ROS_Unity_test/install/eeg_processing/lib/python3.10/site-packages:${PYTHONPATH} /usr/bin/python3 -W ignore:setup.py install is deprecated -W ignore:easy_install command is deprecated setup.py egg_info --egg-base ../../build/eeg_processing build --build-base /home/themountaintree/workspace/ROS_Unity_test/build/eeg_processing/build install --record /home/themountaintree/workspace/ROS_Unity_test/build/eeg_processing/install.log --single-version-externally-managed install_data
[0.540s] running egg_info
[0.540s] writing ../../build/eeg_processing/eeg_processing.egg-info/PKG-INFO
[0.540s] writing dependency_links to ../../build/eeg_processing/eeg_processing.egg-info/dependency_links.txt
[0.541s] writing entry points to ../../build/eeg_processing/eeg_processing.egg-info/entry_points.txt
[0.541s] writing requirements to ../../build/eeg_processing/eeg_processing.egg-info/requires.txt
[0.541s] writing top-level names to ../../build/eeg_processing/eeg_processing.egg-info/top_level.txt
[0.542s] reading manifest file '../../build/eeg_processing/eeg_processing.egg-info/SOURCES.txt'
[0.543s] writing manifest file '../../build/eeg_processing/eeg_processing.egg-info/SOURCES.txt'
[0.543s] running build
[0.543s] running build_py
[0.543s] copying eeg_processing/CentralControllerSSVEPTrainNode.py -> /home/themountaintree/workspace/ROS_Unity_test/build/eeg_processing/build/lib/eeg_processing
[0.544s] copying eeg_processing/ssvep_processing_test.py -> /home/themountaintree/workspace/ROS_Unity_test/build/eeg_processing/build/lib/eeg_processing
[0.544s] copying eeg_processing/p300_processing_test.py -> /home/themountaintree/workspace/ROS_Unity_test/build/eeg_processing/build/lib/eeg_processing
[0.545s] copying eeg_processing/p300_processing_test_online.py -> /home/themountaintree/workspace/ROS_Unity_test/build/eeg_processing/build/lib/eeg_processing
[0.546s] running install
[0.546s] running install_lib
[0.547s] copying /home/themountaintree/workspace/ROS_Unity_test/build/eeg_processing/build/lib/eeg_processing/CentralControllerSSVEPTrainNode.py -> /home/themountaintree/workspace/ROS_Unity_test/install/eeg_processing/lib/python3.10/site-packages/eeg_processing
[0.547s] copying /home/themountaintree/workspace/ROS_Unity_test/build/eeg_processing/build/lib/eeg_processing/ssvep_processing_test.py -> /home/themountaintree/workspace/ROS_Unity_test/install/eeg_processing/lib/python3.10/site-packages/eeg_processing
[0.547s] copying /home/themountaintree/workspace/ROS_Unity_test/build/eeg_processing/build/lib/eeg_processing/p300_processing_test.py -> /home/themountaintree/workspace/ROS_Unity_test/install/eeg_processing/lib/python3.10/site-packages/eeg_processing
[0.547s] copying /home/themountaintree/workspace/ROS_Unity_test/build/eeg_processing/build/lib/eeg_processing/p300_processing_test_online.py -> /home/themountaintree/workspace/ROS_Unity_test/install/eeg_processing/lib/python3.10/site-packages/eeg_processing
[0.548s] byte-compiling /home/themountaintree/workspace/ROS_Unity_test/install/eeg_processing/lib/python3.10/site-packages/eeg_processing/CentralControllerSSVEPTrainNode.py to CentralControllerSSVEPTrainNode.cpython-310.pyc
[0.550s] byte-compiling /home/themountaintree/workspace/ROS_Unity_test/install/eeg_processing/lib/python3.10/site-packages/eeg_processing/ssvep_processing_test.py to ssvep_processing_test.cpython-310.pyc
[0.551s] byte-compiling /home/themountaintree/workspace/ROS_Unity_test/install/eeg_processing/lib/python3.10/site-packages/eeg_processing/p300_processing_test.py to p300_processing_test.cpython-310.pyc
[0.552s] byte-compiling /home/themountaintree/workspace/ROS_Unity_test/install/eeg_processing/lib/python3.10/site-packages/eeg_processing/p300_processing_test_online.py to p300_processing_test_online.cpython-310.pyc
[0.555s] running install_data
[0.555s] running install_egg_info
[0.556s] removing '/home/themountaintree/workspace/ROS_Unity_test/install/eeg_processing/lib/python3.10/site-packages/eeg_processing-0.0.0-py3.10.egg-info' (and everything under it)
[0.557s] Copying ../../build/eeg_processing/eeg_processing.egg-info to /home/themountaintree/workspace/ROS_Unity_test/install/eeg_processing/lib/python3.10/site-packages/eeg_processing-0.0.0-py3.10.egg-info
[0.557s] running install_scripts
[0.570s] Installing central_controller_node script to /home/themountaintree/workspace/ROS_Unity_test/install/eeg_processing/lib/eeg_processing
[0.570s] Installing central_controller_ssvep_node script to /home/themountaintree/workspace/ROS_Unity_test/install/eeg_processing/lib/eeg_processing
[0.571s] writing list of installed files to '/home/themountaintree/workspace/ROS_Unity_test/build/eeg_processing/install.log'
[0.585s] Invoked command in '/home/themountaintree/workspace/ROS_Unity_test/src/eeg_processing' returned '0': PYTHONPATH=/home/themountaintree/workspace/ROS_Unity_test/build/eeg_processing/prefix_override:/usr/lib/python3/dist-packages/colcon_core/task/python/colcon_distutils_commands:/home/themountaintree/workspace/ROS_Unity_test/install/eeg_processing/lib/python3.10/site-packages:${PYTHONPATH} /usr/bin/python3 -W ignore:setup.py install is deprecated -W ignore:easy_install command is deprecated setup.py egg_info --egg-base ../../build/eeg_processing build --build-base /home/themountaintree/workspace/ROS_Unity_test/build/eeg_processing/build install --record /home/themountaintree/workspace/ROS_Unity_test/build/eeg_processing/install.log --single-version-externally-managed install_data
