[0.159s] DEBUG:colcon:Command line arguments: ['/usr/bin/colcon', 'build', '--packages-select', 'eeg_processing']
[0.159s] DEBUG:colcon:Parsed command line arguments: Namespace(log_base=None, log_level=None, verb_name='build', build_base='build', install_base='install', merge_install=False, symlink_install=False, test_result_base=None, continue_on_error=False, executor='parallel', parallel_workers=20, event_handlers=None, ignore_user_meta=False, metas=['./colcon.meta'], base_paths=['.'], packages_ignore=None, packages_ignore_regex=None, paths=None, packages_up_to=None, packages_up_to_regex=None, packages_above=None, packages_above_and_dependencies=None, packages_above_depth=None, packages_select_by_dep=None, packages_skip_by_dep=None, packages_skip_up_to=None, packages_select_build_failed=False, packages_skip_build_finished=False, packages_select_test_failures=False, packages_skip_test_passed=False, packages_select=['eeg_processing'], packages_skip=None, packages_select_regex=None, packages_skip_regex=None, packages_start=None, packages_end=None, allow_overriding=[], cmake_args=None, cmake_target=None, cmake_target_skip_unavailable=False, cmake_clean_cache=False, cmake_clean_first=False, cmake_force_configure=False, ament_cmake_args=None, catkin_cmake_args=None, catkin_skip_building_tests=False, verb_parser=<colcon_defaults.argument_parser.defaults.DefaultArgumentsDecorator object at 0x75872ae78880>, verb_extension=<colcon_core.verb.build.BuildVerb object at 0x75872ae78310>, main=<bound method BuildVerb.main of <colcon_core.verb.build.BuildVerb object at 0x75872ae78310>>)
[0.413s] Level 1:colcon.colcon_core.package_discovery:discover_packages(colcon_meta) check parameters
[0.413s] Level 1:colcon.colcon_core.package_discovery:discover_packages(recursive) check parameters
[0.413s] Level 1:colcon.colcon_core.package_discovery:discover_packages(ignore) check parameters
[0.413s] Level 1:colcon.colcon_core.package_discovery:discover_packages(path) check parameters
[0.413s] Level 1:colcon.colcon_core.package_discovery:discover_packages(colcon_meta) discover
[0.413s] Level 1:colcon.colcon_core.package_discovery:discover_packages(recursive) discover
[0.413s] INFO:colcon.colcon_core.package_discovery:Crawling recursively for packages in '/home/themountaintree/workspace/ROS_Unity_test'
[0.413s] Level 1:colcon.colcon_core.package_identification:_identify(.) by extensions ['ignore', 'ignore_ament_install']
[0.413s] Level 1:colcon.colcon_core.package_identification:_identify(.) by extension 'ignore'
[0.413s] Level 1:colcon.colcon_core.package_identification:_identify(.) by extension 'ignore_ament_install'
[0.413s] Level 1:colcon.colcon_core.package_identification:_identify(.) by extensions ['colcon_pkg']
[0.413s] Level 1:colcon.colcon_core.package_identification:_identify(.) by extension 'colcon_pkg'
[0.413s] Level 1:colcon.colcon_core.package_identification:_identify(.) by extensions ['colcon_meta']
[0.413s] Level 1:colcon.colcon_core.package_identification:_identify(.) by extension 'colcon_meta'
[0.413s] Level 1:colcon.colcon_core.package_identification:_identify(.) by extensions ['ros']
[0.413s] Level 1:colcon.colcon_core.package_identification:_identify(.) by extension 'ros'
[0.450s] Level 1:colcon.colcon_core.package_identification:_identify(.) by extensions ['cmake', 'python']
[0.450s] Level 1:colcon.colcon_core.package_identification:_identify(.) by extension 'cmake'
[0.450s] Level 1:colcon.colcon_core.package_identification:_identify(.) by extension 'python'
[0.450s] Level 1:colcon.colcon_core.package_identification:_identify(.) by extensions ['python_setup_py']
[0.450s] Level 1:colcon.colcon_core.package_identification:_identify(.) by extension 'python_setup_py'
[0.450s] Level 1:colcon.colcon_core.package_identification:_identify(build) by extensions ['ignore', 'ignore_ament_install']
[0.450s] Level 1:colcon.colcon_core.package_identification:_identify(build) by extension 'ignore'
[0.450s] Level 1:colcon.colcon_core.package_identification:_identify(build) ignored
[0.450s] Level 1:colcon.colcon_core.package_identification:_identify(install) by extensions ['ignore', 'ignore_ament_install']
[0.450s] Level 1:colcon.colcon_core.package_identification:_identify(install) by extension 'ignore'
[0.450s] Level 1:colcon.colcon_core.package_identification:_identify(install) ignored
[0.450s] Level 1:colcon.colcon_core.package_identification:_identify(log) by extensions ['ignore', 'ignore_ament_install']
[0.450s] Level 1:colcon.colcon_core.package_identification:_identify(log) by extension 'ignore'
[0.450s] Level 1:colcon.colcon_core.package_identification:_identify(log) ignored
[0.450s] Level 1:colcon.colcon_core.package_identification:_identify(src) by extensions ['ignore', 'ignore_ament_install']
[0.450s] Level 1:colcon.colcon_core.package_identification:_identify(src) by extension 'ignore'
[0.450s] Level 1:colcon.colcon_core.package_identification:_identify(src) by extension 'ignore_ament_install'
[0.450s] Level 1:colcon.colcon_core.package_identification:_identify(src) by extensions ['colcon_pkg']
[0.450s] Level 1:colcon.colcon_core.package_identification:_identify(src) by extension 'colcon_pkg'
[0.450s] Level 1:colcon.colcon_core.package_identification:_identify(src) by extensions ['colcon_meta']
[0.450s] Level 1:colcon.colcon_core.package_identification:_identify(src) by extension 'colcon_meta'
[0.450s] Level 1:colcon.colcon_core.package_identification:_identify(src) by extensions ['ros']
[0.450s] Level 1:colcon.colcon_core.package_identification:_identify(src) by extension 'ros'
[0.450s] Level 1:colcon.colcon_core.package_identification:_identify(src) by extensions ['cmake', 'python']
[0.450s] Level 1:colcon.colcon_core.package_identification:_identify(src) by extension 'cmake'
[0.450s] Level 1:colcon.colcon_core.package_identification:_identify(src) by extension 'python'
[0.450s] Level 1:colcon.colcon_core.package_identification:_identify(src) by extensions ['python_setup_py']
[0.450s] Level 1:colcon.colcon_core.package_identification:_identify(src) by extension 'python_setup_py'
[0.451s] Level 1:colcon.colcon_core.package_identification:_identify(src/ROS-TCP-Endpoint) by extensions ['ignore', 'ignore_ament_install']
[0.451s] Level 1:colcon.colcon_core.package_identification:_identify(src/ROS-TCP-Endpoint) by extension 'ignore'
[0.451s] Level 1:colcon.colcon_core.package_identification:_identify(src/ROS-TCP-Endpoint) by extension 'ignore_ament_install'
[0.451s] Level 1:colcon.colcon_core.package_identification:_identify(src/ROS-TCP-Endpoint) by extensions ['colcon_pkg']
[0.451s] Level 1:colcon.colcon_core.package_identification:_identify(src/ROS-TCP-Endpoint) by extension 'colcon_pkg'
[0.451s] Level 1:colcon.colcon_core.package_identification:_identify(src/ROS-TCP-Endpoint) by extensions ['colcon_meta']
[0.451s] Level 1:colcon.colcon_core.package_identification:_identify(src/ROS-TCP-Endpoint) by extension 'colcon_meta'
[0.451s] Level 1:colcon.colcon_core.package_identification:_identify(src/ROS-TCP-Endpoint) by extensions ['ros']
[0.451s] Level 1:colcon.colcon_core.package_identification:_identify(src/ROS-TCP-Endpoint) by extension 'ros'
[0.453s] DEBUG:colcon.colcon_core.package_identification:Package 'src/ROS-TCP-Endpoint' with type 'ros.ament_python' and name 'ros_tcp_endpoint'
[0.453s] Level 1:colcon.colcon_core.package_identification:_identify(src/eeg_processing) by extensions ['ignore', 'ignore_ament_install']
[0.454s] Level 1:colcon.colcon_core.package_identification:_identify(src/eeg_processing) by extension 'ignore'
[0.454s] Level 1:colcon.colcon_core.package_identification:_identify(src/eeg_processing) by extension 'ignore_ament_install'
[0.454s] Level 1:colcon.colcon_core.package_identification:_identify(src/eeg_processing) by extensions ['colcon_pkg']
[0.454s] Level 1:colcon.colcon_core.package_identification:_identify(src/eeg_processing) by extension 'colcon_pkg'
[0.454s] Level 1:colcon.colcon_core.package_identification:_identify(src/eeg_processing) by extensions ['colcon_meta']
[0.454s] Level 1:colcon.colcon_core.package_identification:_identify(src/eeg_processing) by extension 'colcon_meta'
[0.454s] Level 1:colcon.colcon_core.package_identification:_identify(src/eeg_processing) by extensions ['ros']
[0.454s] Level 1:colcon.colcon_core.package_identification:_identify(src/eeg_processing) by extension 'ros'
[0.454s] DEBUG:colcon.colcon_core.package_identification:Package 'src/eeg_processing' with type 'ros.ament_python' and name 'eeg_processing'
[0.454s] Level 1:colcon.colcon_core.package_identification:_identify(src/publisher_test) by extensions ['ignore', 'ignore_ament_install']
[0.454s] Level 1:colcon.colcon_core.package_identification:_identify(src/publisher_test) by extension 'ignore'
[0.455s] Level 1:colcon.colcon_core.package_identification:_identify(src/publisher_test) by extension 'ignore_ament_install'
[0.455s] Level 1:colcon.colcon_core.package_identification:_identify(src/publisher_test) by extensions ['colcon_pkg']
[0.455s] Level 1:colcon.colcon_core.package_identification:_identify(src/publisher_test) by extension 'colcon_pkg'
[0.455s] Level 1:colcon.colcon_core.package_identification:_identify(src/publisher_test) by extensions ['colcon_meta']
[0.455s] Level 1:colcon.colcon_core.package_identification:_identify(src/publisher_test) by extension 'colcon_meta'
[0.455s] Level 1:colcon.colcon_core.package_identification:_identify(src/publisher_test) by extensions ['ros']
[0.455s] Level 1:colcon.colcon_core.package_identification:_identify(src/publisher_test) by extension 'ros'
[0.456s] DEBUG:colcon.colcon_core.package_identification:Package 'src/publisher_test' with type 'ros.ament_python' and name 'publisher_test'
[0.456s] Level 1:colcon.colcon_core.package_discovery:discover_packages(recursive) using defaults
[0.456s] Level 1:colcon.colcon_core.package_discovery:discover_packages(ignore) discover
[0.456s] Level 1:colcon.colcon_core.package_discovery:discover_packages(ignore) using defaults
[0.456s] Level 1:colcon.colcon_core.package_discovery:discover_packages(path) discover
[0.456s] Level 1:colcon.colcon_core.package_discovery:discover_packages(path) using defaults
[0.480s] INFO:colcon.colcon_core.package_selection:Skipping not selected package 'publisher_test' in 'src/publisher_test'
[0.480s] INFO:colcon.colcon_core.package_selection:Skipping not selected package 'ros_tcp_endpoint' in 'src/ROS-TCP-Endpoint'
[0.481s] Level 1:colcon.colcon_core.package_discovery:discover_packages(prefix_path) check parameters
[0.481s] Level 1:colcon.colcon_core.package_discovery:discover_packages(prefix_path) discover
[0.484s] DEBUG:colcon.colcon_installed_package_information.package_discovery:Found 286 installed packages in /opt/ros/humble
[0.484s] Level 1:colcon.colcon_core.package_discovery:discover_packages(prefix_path) using defaults
[0.507s] Level 5:colcon.colcon_core.verb:set package 'eeg_processing' build argument 'cmake_args' from command line to 'None'
[0.507s] Level 5:colcon.colcon_core.verb:set package 'eeg_processing' build argument 'cmake_target' from command line to 'None'
[0.507s] Level 5:colcon.colcon_core.verb:set package 'eeg_processing' build argument 'cmake_target_skip_unavailable' from command line to 'False'
[0.507s] Level 5:colcon.colcon_core.verb:set package 'eeg_processing' build argument 'cmake_clean_cache' from command line to 'False'
[0.507s] Level 5:colcon.colcon_core.verb:set package 'eeg_processing' build argument 'cmake_clean_first' from command line to 'False'
[0.507s] Level 5:colcon.colcon_core.verb:set package 'eeg_processing' build argument 'cmake_force_configure' from command line to 'False'
[0.507s] Level 5:colcon.colcon_core.verb:set package 'eeg_processing' build argument 'ament_cmake_args' from command line to 'None'
[0.507s] Level 5:colcon.colcon_core.verb:set package 'eeg_processing' build argument 'catkin_cmake_args' from command line to 'None'
[0.507s] Level 5:colcon.colcon_core.verb:set package 'eeg_processing' build argument 'catkin_skip_building_tests' from command line to 'False'
[0.507s] DEBUG:colcon.colcon_core.verb:Building package 'eeg_processing' with the following arguments: {'ament_cmake_args': None, 'build_base': '/home/themountaintree/workspace/ROS_Unity_test/build/eeg_processing', 'catkin_cmake_args': None, 'catkin_skip_building_tests': False, 'cmake_args': None, 'cmake_clean_cache': False, 'cmake_clean_first': False, 'cmake_force_configure': False, 'cmake_target': None, 'cmake_target_skip_unavailable': False, 'install_base': '/home/themountaintree/workspace/ROS_Unity_test/install/eeg_processing', 'merge_install': False, 'path': '/home/themountaintree/workspace/ROS_Unity_test/src/eeg_processing', 'symlink_install': False, 'test_result_base': None}
[0.507s] INFO:colcon.colcon_core.executor:Executing jobs using 'parallel' executor
[0.508s] DEBUG:colcon.colcon_parallel_executor.executor.parallel:run_until_complete
[0.508s] INFO:colcon.colcon_ros.task.ament_python.build:Building ROS package in '/home/themountaintree/workspace/ROS_Unity_test/src/eeg_processing' with build type 'ament_python'
[0.508s] Level 1:colcon.colcon_core.shell:create_environment_hook('eeg_processing', 'ament_prefix_path')
[0.512s] INFO:colcon.colcon_core.plugin_system:Skipping extension 'colcon_core.shell.bat': Not used on non-Windows systems
[0.512s] INFO:colcon.colcon_core.shell:Creating environment hook '/home/themountaintree/workspace/ROS_Unity_test/install/eeg_processing/share/eeg_processing/hook/ament_prefix_path.ps1'
[0.513s] INFO:colcon.colcon_core.shell:Creating environment descriptor '/home/themountaintree/workspace/ROS_Unity_test/install/eeg_processing/share/eeg_processing/hook/ament_prefix_path.dsv'
[0.513s] INFO:colcon.colcon_core.shell:Creating environment hook '/home/themountaintree/workspace/ROS_Unity_test/install/eeg_processing/share/eeg_processing/hook/ament_prefix_path.sh'
[0.514s] INFO:colcon.colcon_core.shell:Skip shell extension 'powershell' for command environment: Not usable outside of PowerShell
[0.514s] DEBUG:colcon.colcon_core.shell:Skip shell extension 'dsv' for command environment
[0.675s] INFO:colcon.colcon_core.task.python.build:Building Python package in '/home/themountaintree/workspace/ROS_Unity_test/src/eeg_processing'
[0.676s] INFO:colcon.colcon_core.shell:Skip shell extension 'powershell' for command environment: Not usable outside of PowerShell
[0.676s] DEBUG:colcon.colcon_core.shell:Skip shell extension 'dsv' for command environment
[0.922s] DEBUG:colcon.colcon_core.event_handler.log_command:Invoking command in '/home/themountaintree/workspace/ROS_Unity_test/src/eeg_processing': PYTHONPATH=/home/themountaintree/workspace/ROS_Unity_test/build/eeg_processing/prefix_override:/usr/lib/python3/dist-packages/colcon_core/task/python/colcon_distutils_commands:/home/themountaintree/workspace/ROS_Unity_test/install/eeg_processing/lib/python3.10/site-packages:${PYTHONPATH} /usr/bin/python3 -W ignore:setup.py install is deprecated -W ignore:easy_install command is deprecated setup.py egg_info --egg-base ../../build/eeg_processing build --build-base /home/themountaintree/workspace/ROS_Unity_test/build/eeg_processing/build install --record /home/themountaintree/workspace/ROS_Unity_test/build/eeg_processing/install.log --single-version-externally-managed install_data
[1.116s] DEBUG:colcon.colcon_core.event_handler.log_command:Invoked command in '/home/themountaintree/workspace/ROS_Unity_test/src/eeg_processing' returned '0': PYTHONPATH=/home/themountaintree/workspace/ROS_Unity_test/build/eeg_processing/prefix_override:/usr/lib/python3/dist-packages/colcon_core/task/python/colcon_distutils_commands:/home/themountaintree/workspace/ROS_Unity_test/install/eeg_processing/lib/python3.10/site-packages:${PYTHONPATH} /usr/bin/python3 -W ignore:setup.py install is deprecated -W ignore:easy_install command is deprecated setup.py egg_info --egg-base ../../build/eeg_processing build --build-base /home/themountaintree/workspace/ROS_Unity_test/build/eeg_processing/build install --record /home/themountaintree/workspace/ROS_Unity_test/build/eeg_processing/install.log --single-version-externally-managed install_data
[1.123s] Level 1:colcon.colcon_core.environment:checking '/home/themountaintree/workspace/ROS_Unity_test/install/eeg_processing' for CMake module files
[1.124s] Level 1:colcon.colcon_core.environment:checking '/home/themountaintree/workspace/ROS_Unity_test/install/eeg_processing' for CMake config files
[1.124s] Level 1:colcon.colcon_core.environment:checking '/home/themountaintree/workspace/ROS_Unity_test/install/eeg_processing/lib'
[1.124s] Level 1:colcon.colcon_core.environment:checking '/home/themountaintree/workspace/ROS_Unity_test/install/eeg_processing/bin'
[1.124s] Level 1:colcon.colcon_core.environment:checking '/home/themountaintree/workspace/ROS_Unity_test/install/eeg_processing/lib/pkgconfig/eeg_processing.pc'
[1.124s] Level 1:colcon.colcon_core.environment:checking '/home/themountaintree/workspace/ROS_Unity_test/install/eeg_processing/lib/python3.10/site-packages'
[1.124s] Level 1:colcon.colcon_core.shell:create_environment_hook('eeg_processing', 'pythonpath')
[1.125s] INFO:colcon.colcon_core.shell:Creating environment hook '/home/themountaintree/workspace/ROS_Unity_test/install/eeg_processing/share/eeg_processing/hook/pythonpath.ps1'
[1.125s] INFO:colcon.colcon_core.shell:Creating environment descriptor '/home/themountaintree/workspace/ROS_Unity_test/install/eeg_processing/share/eeg_processing/hook/pythonpath.dsv'
[1.125s] INFO:colcon.colcon_core.shell:Creating environment hook '/home/themountaintree/workspace/ROS_Unity_test/install/eeg_processing/share/eeg_processing/hook/pythonpath.sh'
[1.125s] Level 1:colcon.colcon_core.environment:checking '/home/themountaintree/workspace/ROS_Unity_test/install/eeg_processing/bin'
[1.125s] Level 1:colcon.colcon_core.environment:create_environment_scripts_only(eeg_processing)
[1.126s] INFO:colcon.colcon_core.shell:Creating package script '/home/themountaintree/workspace/ROS_Unity_test/install/eeg_processing/share/eeg_processing/package.ps1'
[1.126s] INFO:colcon.colcon_core.shell:Creating package descriptor '/home/themountaintree/workspace/ROS_Unity_test/install/eeg_processing/share/eeg_processing/package.dsv'
[1.127s] INFO:colcon.colcon_core.shell:Creating package script '/home/themountaintree/workspace/ROS_Unity_test/install/eeg_processing/share/eeg_processing/package.sh'
[1.128s] INFO:colcon.colcon_core.shell:Creating package script '/home/themountaintree/workspace/ROS_Unity_test/install/eeg_processing/share/eeg_processing/package.bash'
[1.129s] INFO:colcon.colcon_core.shell:Creating package script '/home/themountaintree/workspace/ROS_Unity_test/install/eeg_processing/share/eeg_processing/package.zsh'
[1.130s] Level 1:colcon.colcon_core.environment:create_file_with_runtime_dependencies(/home/themountaintree/workspace/ROS_Unity_test/install/eeg_processing/share/colcon-core/packages/eeg_processing)
[1.130s] DEBUG:colcon.colcon_parallel_executor.executor.parallel:closing loop
[1.130s] DEBUG:colcon.colcon_parallel_executor.executor.parallel:loop closed
[1.131s] DEBUG:colcon.colcon_parallel_executor.executor.parallel:run_until_complete finished with '0'
[1.131s] DEBUG:colcon.colcon_core.event_reactor:joining thread
[1.140s] INFO:colcon.colcon_core.plugin_system:Skipping extension 'colcon_notification.desktop_notification.terminal_notifier': Not used on non-Darwin systems
[1.141s] INFO:colcon.colcon_core.plugin_system:Skipping extension 'colcon_notification.desktop_notification.win32': Not used on non-Windows systems
[1.141s] INFO:colcon.colcon_notification.desktop_notification:Sending desktop notification using 'notify2'
[1.276s] DEBUG:colcon.colcon_core.event_reactor:joined thread
[1.276s] INFO:colcon.colcon_core.shell:Creating prefix script '/home/themountaintree/workspace/ROS_Unity_test/install/local_setup.ps1'
[1.277s] INFO:colcon.colcon_core.shell:Creating prefix util module '/home/themountaintree/workspace/ROS_Unity_test/install/_local_setup_util_ps1.py'
[1.278s] INFO:colcon.colcon_core.shell:Creating prefix chain script '/home/themountaintree/workspace/ROS_Unity_test/install/setup.ps1'
[1.279s] INFO:colcon.colcon_core.shell:Creating prefix script '/home/themountaintree/workspace/ROS_Unity_test/install/local_setup.sh'
[1.280s] INFO:colcon.colcon_core.shell:Creating prefix util module '/home/themountaintree/workspace/ROS_Unity_test/install/_local_setup_util_sh.py'
[1.280s] INFO:colcon.colcon_core.shell:Creating prefix chain script '/home/themountaintree/workspace/ROS_Unity_test/install/setup.sh'
[1.281s] INFO:colcon.colcon_core.shell:Creating prefix script '/home/themountaintree/workspace/ROS_Unity_test/install/local_setup.bash'
[1.281s] INFO:colcon.colcon_core.shell:Creating prefix chain script '/home/themountaintree/workspace/ROS_Unity_test/install/setup.bash'
[1.282s] INFO:colcon.colcon_core.shell:Creating prefix script '/home/themountaintree/workspace/ROS_Unity_test/install/local_setup.zsh'
[1.282s] INFO:colcon.colcon_core.shell:Creating prefix chain script '/home/themountaintree/workspace/ROS_Unity_test/install/setup.zsh'
