[0.341s] Invoking command in '/home/themountaintree/workspace/ROS_Unity_test/src/eeg_processing': PYTHONPATH=/home/themountaintree/workspace/ROS_Unity_test/build/eeg_processing/prefix_override:/usr/lib/python3/dist-packages/colcon_core/task/python/colcon_distutils_commands:/home/themountaintree/workspace/ROS_Unity_test/install/eeg_processing/lib/python3.10/site-packages:${PYTHONPATH} /usr/bin/python3 -W ignore:setup.py install is deprecated -W ignore:easy_install command is deprecated setup.py egg_info --egg-base ../../build/eeg_processing build --build-base /home/themountaintree/workspace/ROS_Unity_test/build/eeg_processing/build install --record /home/themountaintree/workspace/ROS_Unity_test/build/eeg_processing/install.log --single-version-externally-managed install_data
[0.477s] running egg_info
[0.478s] writing ../../build/eeg_processing/eeg_processing.egg-info/PKG-INFO
[0.478s] writing dependency_links to ../../build/eeg_processing/eeg_processing.egg-info/dependency_links.txt
[0.478s] writing entry points to ../../build/eeg_processing/eeg_processing.egg-info/entry_points.txt
[0.478s] writing requirements to ../../build/eeg_processing/eeg_processing.egg-info/requires.txt
[0.478s] writing top-level names to ../../build/eeg_processing/eeg_processing.egg-info/top_level.txt
[0.480s] reading manifest file '../../build/eeg_processing/eeg_processing.egg-info/SOURCES.txt'
[0.480s] writing manifest file '../../build/eeg_processing/eeg_processing.egg-info/SOURCES.txt'
[0.480s] running build
[0.480s] running build_py
[0.481s] copying eeg_processing/CentrlControllerSSVEPNode2.py -> /home/themountaintree/workspace/ROS_Unity_test/build/eeg_processing/build/lib/eeg_processing
[0.481s] running install
[0.481s] running install_lib
[0.482s] copying /home/themountaintree/workspace/ROS_Unity_test/build/eeg_processing/build/lib/eeg_processing/CentrlControllerSSVEPNode2.py -> /home/themountaintree/workspace/ROS_Unity_test/install/eeg_processing/lib/python3.10/site-packages/eeg_processing
[0.483s] byte-compiling /home/themountaintree/workspace/ROS_Unity_test/install/eeg_processing/lib/python3.10/site-packages/eeg_processing/CentrlControllerSSVEPNode2.py to CentrlControllerSSVEPNode2.cpython-310.pyc
[0.486s] running install_data
[0.486s] running install_egg_info
[0.487s] removing '/home/themountaintree/workspace/ROS_Unity_test/install/eeg_processing/lib/python3.10/site-packages/eeg_processing-0.0.0-py3.10.egg-info' (and everything under it)
[0.487s] Copying ../../build/eeg_processing/eeg_processing.egg-info to /home/themountaintree/workspace/ROS_Unity_test/install/eeg_processing/lib/python3.10/site-packages/eeg_processing-0.0.0-py3.10.egg-info
[0.488s] running install_scripts
[0.500s] Installing central_controller_node script to /home/themountaintree/workspace/ROS_Unity_test/install/eeg_processing/lib/eeg_processing
[0.501s] Installing central_controller_ssvep_node script to /home/themountaintree/workspace/ROS_Unity_test/install/eeg_processing/lib/eeg_processing
[0.501s] Installing central_controller_ssvep_node2 script to /home/themountaintree/workspace/ROS_Unity_test/install/eeg_processing/lib/eeg_processing
[0.501s] Installing central_controller_ssvep_train_node script to /home/themountaintree/workspace/ROS_Unity_test/install/eeg_processing/lib/eeg_processing
[0.501s] writing list of installed files to '/home/themountaintree/workspace/ROS_Unity_test/build/eeg_processing/install.log'
[0.515s] Invoked command in '/home/themountaintree/workspace/ROS_Unity_test/src/eeg_processing' returned '0': PYTHONPATH=/home/themountaintree/workspace/ROS_Unity_test/build/eeg_processing/prefix_override:/usr/lib/python3/dist-packages/colcon_core/task/python/colcon_distutils_commands:/home/themountaintree/workspace/ROS_Unity_test/install/eeg_processing/lib/python3.10/site-packages:${PYTHONPATH} /usr/bin/python3 -W ignore:setup.py install is deprecated -W ignore:easy_install command is deprecated setup.py egg_info --egg-base ../../build/eeg_processing build --build-base /home/themountaintree/workspace/ROS_Unity_test/build/eeg_processing/build install --record /home/themountaintree/workspace/ROS_Unity_test/build/eeg_processing/install.log --single-version-externally-managed install_data
