running egg_info
creating ../../build/eeg_processing/eeg_processing.egg-info
writing ../../build/eeg_processing/eeg_processing.egg-info/PKG-INFO
writing dependency_links to ../../build/eeg_processing/eeg_processing.egg-info/dependency_links.txt
writing entry points to ../../build/eeg_processing/eeg_processing.egg-info/entry_points.txt
writing requirements to ../../build/eeg_processing/eeg_processing.egg-info/requires.txt
writing top-level names to ../../build/eeg_processing/eeg_processing.egg-info/top_level.txt
writing manifest file '../../build/eeg_processing/eeg_processing.egg-info/SOURCES.txt'
reading manifest file '../../build/eeg_processing/eeg_processing.egg-info/SOURCES.txt'
writing manifest file '../../build/eeg_processing/eeg_processing.egg-info/SOURCES.txt'
running build
running build_py
creating /home/themountaintree/workspace/ROS_Unity_test/build/eeg_processing/build
creating /home/themountaintree/workspace/ROS_Unity_test/build/eeg_processing/build/lib
creating /home/themountaintree/workspace/ROS_Unity_test/build/eeg_processing/build/lib/eeg_processing
copying eeg_processing/ssvep_processing_fbcca.py -> /home/themountaintree/workspace/ROS_Unity_test/build/eeg_processing/build/lib/eeg_processing
copying eeg_processing/ssvep_processing_etrca.py -> /home/themountaintree/workspace/ROS_Unity_test/build/eeg_processing/build/lib/eeg_processing
copying eeg_processing/CentralControllerSSVEPTrainNode.py -> /home/themountaintree/workspace/ROS_Unity_test/build/eeg_processing/build/lib/eeg_processing
copying eeg_processing/CentralControllerNode.py -> /home/themountaintree/workspace/ROS_Unity_test/build/eeg_processing/build/lib/eeg_processing
copying eeg_processing/ssvep_pipeline.py -> /home/themountaintree/workspace/ROS_Unity_test/build/eeg_processing/build/lib/eeg_processing
copying eeg_processing/history_sender.py -> /home/themountaintree/workspace/ROS_Unity_test/build/eeg_processing/build/lib/eeg_processing
copying eeg_processing/p300_processing_test.py -> /home/themountaintree/workspace/ROS_Unity_test/build/eeg_processing/build/lib/eeg_processing
copying eeg_processing/CentralControllerSSVEPNode.py -> /home/themountaintree/workspace/ROS_Unity_test/build/eeg_processing/build/lib/eeg_processing
copying eeg_processing/CentralControllerSSVEPNode2.py -> /home/themountaintree/workspace/ROS_Unity_test/build/eeg_processing/build/lib/eeg_processing
copying eeg_processing/__init__.py -> /home/themountaintree/workspace/ROS_Unity_test/build/eeg_processing/build/lib/eeg_processing
copying eeg_processing/p300_processing_test_online.py -> /home/themountaintree/workspace/ROS_Unity_test/build/eeg_processing/build/lib/eeg_processing
running install
running install_lib
creating /home/themountaintree/workspace/ROS_Unity_test/install/eeg_processing/lib/python3.10/site-packages/eeg_processing
copying /home/themountaintree/workspace/ROS_Unity_test/build/eeg_processing/build/lib/eeg_processing/ssvep_processing_fbcca.py -> /home/themountaintree/workspace/ROS_Unity_test/install/eeg_processing/lib/python3.10/site-packages/eeg_processing
copying /home/themountaintree/workspace/ROS_Unity_test/build/eeg_processing/build/lib/eeg_processing/ssvep_processing_etrca.py -> /home/themountaintree/workspace/ROS_Unity_test/install/eeg_processing/lib/python3.10/site-packages/eeg_processing
copying /home/themountaintree/workspace/ROS_Unity_test/build/eeg_processing/build/lib/eeg_processing/CentralControllerSSVEPTrainNode.py -> /home/themountaintree/workspace/ROS_Unity_test/install/eeg_processing/lib/python3.10/site-packages/eeg_processing
copying /home/themountaintree/workspace/ROS_Unity_test/build/eeg_processing/build/lib/eeg_processing/CentralControllerNode.py -> /home/themountaintree/workspace/ROS_Unity_test/install/eeg_processing/lib/python3.10/site-packages/eeg_processing
copying /home/themountaintree/workspace/ROS_Unity_test/build/eeg_processing/build/lib/eeg_processing/ssvep_pipeline.py -> /home/themountaintree/workspace/ROS_Unity_test/install/eeg_processing/lib/python3.10/site-packages/eeg_processing
copying /home/themountaintree/workspace/ROS_Unity_test/build/eeg_processing/build/lib/eeg_processing/history_sender.py -> /home/themountaintree/workspace/ROS_Unity_test/install/eeg_processing/lib/python3.10/site-packages/eeg_processing
copying /home/themountaintree/workspace/ROS_Unity_test/build/eeg_processing/build/lib/eeg_processing/p300_processing_test.py -> /home/themountaintree/workspace/ROS_Unity_test/install/eeg_processing/lib/python3.10/site-packages/eeg_processing
copying /home/themountaintree/workspace/ROS_Unity_test/build/eeg_processing/build/lib/eeg_processing/CentralControllerSSVEPNode.py -> /home/themountaintree/workspace/ROS_Unity_test/install/eeg_processing/lib/python3.10/site-packages/eeg_processing
copying /home/themountaintree/workspace/ROS_Unity_test/build/eeg_processing/build/lib/eeg_processing/CentralControllerSSVEPNode2.py -> /home/themountaintree/workspace/ROS_Unity_test/install/eeg_processing/lib/python3.10/site-packages/eeg_processing
copying /home/themountaintree/workspace/ROS_Unity_test/build/eeg_processing/build/lib/eeg_processing/__init__.py -> /home/themountaintree/workspace/ROS_Unity_test/install/eeg_processing/lib/python3.10/site-packages/eeg_processing
copying /home/themountaintree/workspace/ROS_Unity_test/build/eeg_processing/build/lib/eeg_processing/p300_processing_test_online.py -> /home/themountaintree/workspace/ROS_Unity_test/install/eeg_processing/lib/python3.10/site-packages/eeg_processing
byte-compiling /home/themountaintree/workspace/ROS_Unity_test/install/eeg_processing/lib/python3.10/site-packages/eeg_processing/ssvep_processing_fbcca.py to ssvep_processing_fbcca.cpython-310.pyc
byte-compiling /home/themountaintree/workspace/ROS_Unity_test/install/eeg_processing/lib/python3.10/site-packages/eeg_processing/ssvep_processing_etrca.py to ssvep_processing_etrca.cpython-310.pyc
byte-compiling /home/themountaintree/workspace/ROS_Unity_test/install/eeg_processing/lib/python3.10/site-packages/eeg_processing/CentralControllerSSVEPTrainNode.py to CentralControllerSSVEPTrainNode.cpython-310.pyc
byte-compiling /home/themountaintree/workspace/ROS_Unity_test/install/eeg_processing/lib/python3.10/site-packages/eeg_processing/CentralControllerNode.py to CentralControllerNode.cpython-310.pyc
byte-compiling /home/themountaintree/workspace/ROS_Unity_test/install/eeg_processing/lib/python3.10/site-packages/eeg_processing/ssvep_pipeline.py to ssvep_pipeline.cpython-310.pyc
byte-compiling /home/themountaintree/workspace/ROS_Unity_test/install/eeg_processing/lib/python3.10/site-packages/eeg_processing/history_sender.py to history_sender.cpython-310.pyc
byte-compiling /home/themountaintree/workspace/ROS_Unity_test/install/eeg_processing/lib/python3.10/site-packages/eeg_processing/p300_processing_test.py to p300_processing_test.cpython-310.pyc
byte-compiling /home/themountaintree/workspace/ROS_Unity_test/install/eeg_processing/lib/python3.10/site-packages/eeg_processing/CentralControllerSSVEPNode.py to CentralControllerSSVEPNode.cpython-310.pyc
byte-compiling /home/themountaintree/workspace/ROS_Unity_test/install/eeg_processing/lib/python3.10/site-packages/eeg_processing/CentralControllerSSVEPNode2.py to CentralControllerSSVEPNode2.cpython-310.pyc
byte-compiling /home/themountaintree/workspace/ROS_Unity_test/install/eeg_processing/lib/python3.10/site-packages/eeg_processing/__init__.py to __init__.cpython-310.pyc
byte-compiling /home/themountaintree/workspace/ROS_Unity_test/install/eeg_processing/lib/python3.10/site-packages/eeg_processing/p300_processing_test_online.py to p300_processing_test_online.cpython-310.pyc
running install_data
creating /home/themountaintree/workspace/ROS_Unity_test/install/eeg_processing/share/ament_index
creating /home/themountaintree/workspace/ROS_Unity_test/install/eeg_processing/share/ament_index/resource_index
creating /home/themountaintree/workspace/ROS_Unity_test/install/eeg_processing/share/ament_index/resource_index/packages
copying resource/eeg_processing -> /home/themountaintree/workspace/ROS_Unity_test/install/eeg_processing/share/ament_index/resource_index/packages
copying package.xml -> /home/themountaintree/workspace/ROS_Unity_test/install/eeg_processing/share/eeg_processing
running install_egg_info
Copying ../../build/eeg_processing/eeg_processing.egg-info to /home/themountaintree/workspace/ROS_Unity_test/install/eeg_processing/lib/python3.10/site-packages/eeg_processing-0.0.0-py3.10.egg-info
running install_scripts
Installing central_controller_node script to /home/themountaintree/workspace/ROS_Unity_test/install/eeg_processing/lib/eeg_processing
Installing central_controller_ssvep_node script to /home/themountaintree/workspace/ROS_Unity_test/install/eeg_processing/lib/eeg_processing
Installing central_controller_ssvep_node2 script to /home/themountaintree/workspace/ROS_Unity_test/install/eeg_processing/lib/eeg_processing
Installing central_controller_ssvep_train_node script to /home/themountaintree/workspace/ROS_Unity_test/install/eeg_processing/lib/eeg_processing
Installing history_sender_node script to /home/themountaintree/workspace/ROS_Unity_test/install/eeg_processing/lib/eeg_processing
writing list of installed files to '/home/themountaintree/workspace/ROS_Unity_test/build/eeg_processing/install.log'
